SecCoreStartupWithStack(0xFFFCC000, 0x820000)
Register PPI Notify: DCD0BE23-9586-40F4-B643-06522CED4EDE
Install PPI: 8C8CE578-8A3D-4F1C-9935-896185C32DD3
Install PPI: 5473C07A-3DCB-4DCA-BD6F-1E9689E7349A
The 0th FV start address is 0x00000820000, size is 0x000E0000, handle is 0x820000
Register PPI Notify: 49EDB1C1-BF21-4761-BB12-EB0031AABB39
Register PPI Notify: EA7CA24B-DED5-4DAD-A389-BF827E8F9B38
Install PPI: B9E0ABFE-5979-4914-977F-6DEE78C278A6
Install PPI: DBE23AA9-A345-4B97-85B6-B226F1617389
DiscoverPeimsAndOrderWithApriori(): Found 0x7 PEI FFS files in the 0th FV
Loading PEIM 9B3ADA4F-AE56-4C24-8DEA-F03B7558AE50
Loading PEIM at 0x0000082C0C0 EntryPoint=0x0000082F6D1 PcdPeim.efi
Install PPI: 06E81C58-4AD7-44BC-8390-F10265F72480
Install PPI: 01F34D25-4DE2-23AD-3FF3-36353FF323F1
Install PPI: 4D8B155B-C059-4C8F-8926-06FD4331DB8A
Install PPI: A60C6B59-E459-425D-9C69-0BCC9CB27D81
Register PPI Notify: 605EA650-C65C-42E1-BA80-91A52AB618C6
Loading PEIM A3610442-E69F-4DF3-82CA-2360C4031A23
Loading PEIM at 0x00000831340 EntryPoint=0x000008329B0 ReportStatusCodeRouterPei.efi
Install PPI: 0065D394-9951-4144-82A3-0AFC8579C251
Install PPI: 229832D3-7A30-4B36-B827-F40CB7D45436
Loading PEIM 9D225237-FA01-464C-A949-BAABC02D31D0
Loading PEIM at 0x00000833640 EntryPoint=0x00000834B4B StatusCodeHandlerPei.efi
Loading PEIM 222C386D-5ABC-4FB4-B124-FBB82488ACF4
Loading PEIM at 0x00000835940 EntryPoint=0x0000083E254 PlatformPei.efi
Select Item: 0x0
FW CFG Signature: 0x554D4551
Select Item: 0x1
FW CFG Revision: 0x3
QemuFwCfg interface (DMA) is supported.
Platform PEIM Loaded
CMOS:
00: 44 00 20 00 16 00 03 15 10 24 26 02 00 80 00 00
10: 50 00 00 00 07 80 02 FF FF 00 00 00 00 00 00 00
20: 00 00 00 00 00 00 00 00 00 00 00 00 00 00 00 00
30: FF FF 20 00 00 7F 00 20 30 00 00 00 00 12 00 00
40: 00 00 00 00 00 00 00 00 00 00 00 00 00 00 00 00
50: 00 00 00 00 00 00 00 00 00 00 00 00 00 00 00 00
60: 00 00 00 00 00 00 00 00 00 00 00 00 00 00 00 00
70: 00 00 00 00 00 00 00 00 00 00 00 00 00 00 00 00
Select Item: 0x19
Select Item: 0x28
S3 support was detected on QEMU
Install PPI: 7408D748-FC8C-4EE6-9288-C4BEC092A410
Select Item: 0x19
Select Item: 0x25
Select Item: 0x19
Select Item: 0x19
AddressWidthInitialization: Pci64Base=0x800000000 Pci64Size=0x800000000
Select Item: 0x5
PlatformMaxCpuCountInitialization: QEMU v2.7 reset bug: BootCpuCount=1 Present=0
PlatformMaxCpuCountInitialization: BootCpuCount=0 MaxCpuCount=1
Select Item: 0x19
Select Item: 0x25
PublishPeiMemory: PhysMemAddressWidth=36 PeiMemoryCap=65800 KB
PeiInstallPeiMemory MemoryBegin 0x7BF36000, MemoryLength 0x4042000
Select Item: 0x19
Select Item: 0x25
PlatformQemuInitializeRam called
Select Item: 0x19
Select Item: 0x25
Select Item: 0x19
Select Item: 0x25
Reserved variable store memory: 0x7FEF4000; size: 528kb
Platform PEI Firmware Volume Initialization
Install PPI: 49EDB1C1-BF21-4761-BB12-EB0031AABB39
Notify: PPI Guid: 49EDB1C1-BF21-4761-BB12-EB0031AABB39, Peim notify entry point: 826155
The 1th FV start address is 0x00000900000, size is 0x00C00000, handle is 0x900000
Select Item: 0x19
Select Item: 0x25
Select Item: 0x19
Register PPI Notify: EE16160A-E8BE-47A6-820A-C6900DB0250A
Select Item: 0x19
Temp Stack : BaseAddress=0x818000 Length=0x8000
Temp Heap  : BaseAddress=0x810000 Length=0x8000
Total temporary memory:    65536 bytes.
  temporary memory stack ever used:       29688 bytes.
  temporary memory heap used for HobList: 7056 bytes.
  temporary memory heap occupied by memory pages: 0 bytes.
Memory Allocation 0x0000000A 0x7FF78000 - 0x7FFFFFFF
Memory Allocation 0x0000000A 0x810000 - 0x81FFFF
Memory Allocation 0x0000000A 0x807000 - 0x807FFF
Memory Allocation 0x0000000A 0x800000 - 0x805FFF
Memory Allocation 0x0000000A 0x806000 - 0x806FFF
Memory Allocation 0x0000000A 0x80B000 - 0x80BFFF
Memory Allocation 0x00000006 0x7FEF4000 - 0x7FF77FFF
Memory Allocation 0x0000000A 0x820000 - 0x8FFFFF
Memory Allocation 0x00000004 0x900000 - 0x14FFFFF
Old Stack size 32768, New stack size 131072
Stack Hob: BaseAddress=0x7BF36000 Length=0x20000
Heap Offset = 0x7B746000 Stack Offset = 0x7B736000
TemporaryRamMigration(0x810000, 0x7BF4E000, 0x10000)
Loading PEIM 52C05B14-0B98-496C-BC3B-04B50211D680
Loading PEIM at 0x0007FEE8000 EntryPoint=0x0007FEF049B PeiCore.efi
Reinstall PPI: 8C8CE578-8A3D-4F1C-9935-896185C32DD3
Reinstall PPI: 5473C07A-3DCB-4DCA-BD6F-1E9689E7349A
Reinstall PPI: B9E0ABFE-5979-4914-977F-6DEE78C278A6
Install PPI: F894643D-C449-42D1-8EA8-85BDD8C65BDE
Loading PEIM 9B3ADA4F-AE56-4C24-8DEA-F03B7558AE50
Loading PEIM at 0x0007FEE2000 EntryPoint=0x0007FEE5611 PcdPeim.efi
Reinstall PPI: 06E81C58-4AD7-44BC-8390-F10265F72480
Reinstall PPI: 4D8B155B-C059-4C8F-8926-06FD4331DB8A
Reinstall PPI: 01F34D25-4DE2-23AD-3FF3-36353FF323F1
Reinstall PPI: A60C6B59-E459-425D-9C69-0BCC9CB27D81
Loading PEIM 86D70125-BAA3-4296-A62F-602BEBBB9081
Loading PEIM at 0x0007FEDD000 EntryPoint=0x0007FEE060A DxeIpl.efi
Install PPI: 1A36E4E7-FAB6-476A-8E75-695A0576FDD7
Install PPI: 0AE8CE5D-E448-4437-A8D7-EBF5F194F731
Loading PEIM 89E549B0-7CFE-449D-9BA3-10D8B2312D71
Loading PEIM at 0x0007FED8000 EntryPoint=0x0007FEDA99F S3Resume2Pei.efi
Install PPI: 6D582DBC-DB85-4514-8FCC-5ADF6227B147
Loading PEIM EDADEB9D-DDBA-48BD-9D22-C1C169C8C5C6
Loading PEIM at 0x0007FECA000 EntryPoint=0x0007FED144B CpuMpPei.efi
Register PPI Notify: F894643D-C449-42D1-8EA8-85BDD8C65BDE
Notify: PPI Guid: F894643D-C449-42D1-8EA8-85BDD8C65BDE, Peim notify entry point: 7FED318C
AP Loop Mode is 1
GetMicrocodePatchInfoFromHob: Microcode patch cache HOB is not found.
CPU[0000]: Microcode revision = 00000000, expected = 00000000
Register PPI Notify: 8F9D4825-797D-48FC-8471-845025792EF6
Does not find any stored CPU BIST information from PPI!
  APICID - 0x00000000, BIST - 0x00000000
Install PPI: 9E9F374B-8F16-4230-9824-5846EE766A97
Install PPI: 5CB9CB3D-31A4-480C-9498-29D269BACFBA
Install PPI: EE16160A-E8BE-47A6-820A-C6900DB0250A
Notify: PPI Guid: EE16160A-E8BE-47A6-820A-C6900DB0250A, Peim notify entry point: 83843B
PlatformPei: ClearCacheOnMpServicesAvailable
DiscoverPeimsAndOrderWithApriori(): Found 0x0 PEI FFS files in the 1th FV
DXE IPL Entry
Loading PEIM D6A2CB7F-6A18-4E2F-B43B-9920A733700A
Loading PEIM at 0x0007FE99000 EntryPoint=0x0007FEA47C6 DxeCore.efi
Loading DXE CORE at 0x0007FE99000 EntryPoint=0x0007FEA47C6
AddressBits=36 5LevelPaging=0 1GPage=0
Pml5=1 Pml4=1 Pdp=64 TotalPage=66
Install PPI: 605EA650-C65C-42E1-BA80-91A52AB618C6
Notify: PPI Guid: 605EA650-C65C-42E1-BA80-91A52AB618C6, Peim notify entry point: 82DFAB
CoreInitializeMemoryServices:
  BaseAddress - 0x7BF59000 Length - 0x3CA7000 MinimalMemorySizeNeeded - 0x320000
InstallProtocolInterface: 5B1B31A1-9562-11D2-8E3F-00A0C969723B 7FEBCAC8
ProtectUefiImageCommon - 0x7FEBCAC8
  - 0x000000007FE99000 - 0x0000000000028000
DxeMain: MemoryBaseAddress=0x7BF59000 MemoryLength=0x3CA7000
HOBLIST address in DXE = 0x7F8EA018
Memory Allocation 0x0000000A 0x7FF78000 - 0x7FFFFFFF
Memory Allocation 0x0000000A 0x810000 - 0x81FFFF
Memory Allocation 0x0000000A 0x807000 - 0x807FFF
Memory Allocation 0x0000000A 0x800000 - 0x805FFF
Memory Allocation 0x0000000A 0x806000 - 0x806FFF
Memory Allocation 0x0000000A 0x80B000 - 0x80BFFF
Memory Allocation 0x00000006 0x7FEF4000 - 0x7FF77FFF
Memory Allocation 0x0000000A 0x820000 - 0x8FFFFF
Memory Allocation 0x00000004 0x900000 - 0x14FFFFF
Memory Allocation 0x00000004 0x7FE79000 - 0x7FE98FFF
Memory Allocation 0x00000003 0x7FEE8000 - 0x7FEF3FFF
Memory Allocation 0x00000003 0x7FEE2000 - 0x7FEE7FFF
Memory Allocation 0x00000003 0x7FEDD000 - 0x7FEE1FFF
Memory Allocation 0x00000003 0x7FED8000 - 0x7FEDCFFF
Memory Allocation 0x00000003 0x7FECA000 - 0x7FED7FFF
Memory Allocation 0x00000004 0x7FEC1000 - 0x7FEC9FFF
Memory Allocation 0x00000003 0x7FE99000 - 0x7FEC0FFF
Memory Allocation 0x00000003 0x7FE99000 - 0x7FEC0FFF
Memory Allocation 0x00000004 0x7FE79000 - 0x7FE98FFF
Memory Allocation 0x00000004 0x7FC00000 - 0x7FDFFFFF
Memory Allocation 0x00000007 0x7FE00000 - 0x7FE78FFF
Memory Allocation 0x00000004 0x7BF36000 - 0x7BF55FFF
FV Hob            0x900000 - 0x14FFFFF
InstallProtocolInterface: D8117CFE-94A6-11D4-9A3A-0090273FC14D 7FEBD150
InstallProtocolInterface: 8F644FA9-E850-4DB1-9CE2-0B44698E8DA4 7F8E6D30
InstallProtocolInterface: 09576E91-6D3F-11D2-8E39-00A0C969723B 7F8E6E18
InstallProtocolInterface: 220E73B6-6BDB-4413-8405-B974B108619A 7F8E6630
InstallProtocolInterface: EE4E5898-3914-4259-9D6E-DC7BD79403CF 7FEBCDF0
Loading driver 9B680FCE-AD6B-4F3A-B60B-F59899003443
InstallProtocolInterface: 5B1B31A1-9562-11D2-8E3F-00A0C969723B 7F58D0C0
Loading driver at 0x0007F575000 EntryPoint=0x0007F57D142 DevicePathDxe.efi
InstallProtocolInterface: BC62157E-3E33-4FEC-9920-2D3B36D750DF 7F58DA98
ProtectUefiImageCommon - 0x7F58D0C0
  - 0x000000007F575000 - 0x000000000000B6C0
InstallProtocolInterface: 0379BE4E-D706-437D-B037-EDB82FB772A4 7F580380
InstallProtocolInterface: 8B843E20-8132-4852-90CC-551A4E4A7F1C 7F580360
InstallProtocolInterface: 05C99A21-C70F-4AD2-8A5F-35DF3343F51E 7F580340
Loading driver 80CF7257-87AB-47F9-A3FE-D50B76D89541
InstallProtocolInterface: 5B1B31A1-9562-11D2-8E3F-00A0C969723B 7F586040
Loading driver at 0x0007F56F000 EntryPoint=0x0007F572D0D PcdDxe.efi
InstallProtocolInterface: BC62157E-3E33-4FEC-9920-2D3B36D750DF 7F586F18
ProtectUefiImageCommon - 0x7F586040
  - 0x000000007F56F000 - 0x0000000000005FC0
InstallProtocolInterface: 11B34006-D85B-4D0A-A290-D5A571310EF7 7F574C40
InstallProtocolInterface: 13A3F0F6-264A-3EF0-F2E0-DEC512342F34 7F574BA0
InstallProtocolInterface: 5BE40F57-FA68-4610-BBBF-E9C5FCDAD365 7F574B70
InstallProtocolInterface: FD0F4478-0EFD-461D-BA2D-E58C45FD5F5E 7F574B50
Loading driver E750224E-7BCE-40AF-B5BB-47E3611EB5C2
InstallProtocolInterface: 5B1B31A1-9562-11D2-8E3F-00A0C969723B 7F58C0C0
Loading driver at 0x0007F581000 EntryPoint=0x0007F582F63 TdxDxe.efi
InstallProtocolInterface: BC62157E-3E33-4FEC-9920-2D3B36D750DF 7F586298
ProtectUefiImageCommon - 0x7F58C0C0
  - 0x000000007F581000 - 0x0000000000004500
Loading driver 2EC9DA37-EE35-4DE9-86C5-6D9A81DC38A7
InstallProtocolInterface: 5B1B31A1-9562-11D2-8E3F-00A0C969723B 7F58C4C0
Loading driver at 0x0007F56B000 EntryPoint=0x0007F56D378 AmdSevDxe.efi
InstallProtocolInterface: BC62157E-3E33-4FEC-9920-2D3B36D750DF 7F58C318
ProtectUefiImageCommon - 0x7F58C4C0
  - 0x000000007F56B000 - 0x0000000000003D80
Error: Image at 0007F56B000 start failed: Unsupported
Loading driver 733CBAC2-B23F-4B92-BC8E-FB01CE5907B7
InstallProtocolInterface: 5B1B31A1-9562-11D2-8E3F-00A0C969723B 7F58C4C0
Loading driver at 0x0007FAE6000 EntryPoint=0x0007FAE9266 FvbServicesRuntimeDxe.efi
InstallProtocolInterface: BC62157E-3E33-4FEC-9920-2D3B36D750DF 7F58B018
ProtectUefiImageCommon - 0x7F58C4C0
  - 0x000000007FAE6000 - 0x0000000000009000
QEMU Flash: Attempting flash detection at FFC00010
QemuFlashDetected => FD behaves as FLASH
QemuFlashDetected => Yes
Installing QEMU flash FVB
InstallProtocolInterface: 8F644FA9-E850-4DB1-9CE2-0B44698E8DA4 7F9EE8B0
InstallProtocolInterface: 09576E91-6D3F-11D2-8E39-00A0C969723B 7F58BD98
Loading driver D93CE3D8-A7EB-4730-8C8E-CC466A9ECC3C
InstallProtocolInterface: 5B1B31A1-9562-11D2-8E3F-00A0C969723B 7F58B7C0
Loading driver at 0x0007FADF000 EntryPoint=0x0007FAE1C50 ReportStatusCodeRouterRuntimeDxe.efi
InstallProtocolInterface: BC62157E-3E33-4FEC-9920-2D3B36D750DF 7F58B118
ProtectUefiImageCommon - 0x7F58B7C0
  - 0x000000007FADF000 - 0x0000000000007000
InstallProtocolInterface: 86212936-0E76-41C8-A03A-2AF2FC1C39E2 7FAE4070
InstallProtocolInterface: D2B2B828-0826-48A7-B3DF-983C006024F0 7FAE4050
Loading driver B601F8C4-43B7-4784-95B1-F4226CB40CEE
InstallProtocolInterface: 5B1B31A1-9562-11D2-8E3F-00A0C969723B 7F588BC0
Loading driver at 0x0007FAD9000 EntryPoint=0x0007FADB7BA RuntimeDxe.efi
InstallProtocolInterface: BC62157E-3E33-4FEC-9920-2D3B36D750DF 7F588798
ProtectUefiImageCommon - 0x7F588BC0
  - 0x000000007FAD9000 - 0x0000000000006000
InstallProtocolInterface: B7DFB4E1-052F-449F-87BE-9818FC91B733 7FADD040
Loading driver F80697E9-7FD6-4665-8646-88E33EF71DFC
InstallProtocolInterface: 5B1B31A1-9562-11D2-8E3F-00A0C969723B 7F588340
Loading driver at 0x0007F569000 EntryPoint=0x0007F56A8A0 SecurityStubDxe.efi
InstallProtocolInterface: BC62157E-3E33-4FEC-9920-2D3B36D750DF 7F587F18
ProtectUefiImageCommon - 0x7F588340
  - 0x000000007F569000 - 0x0000000000002F40
InstallProtocolInterface: 94AB2F58-1438-4EF1-9152-18941A3A0E68 7F56BDA8
InstallProtocolInterface: A46423E3-4617-49F1-B9FF-D1BFA9115839 7F56BDA0
InstallProtocolInterface: 15853D7C-3DDF-43E0-A1CB-EBF85B8F872C 7F56BD80
Loading driver 13AC6DD0-73D0-11D4-B06B-00AA00BD6DE7
InstallProtocolInterface: 5B1B31A1-9562-11D2-8E3F-00A0C969723B 7F587140
Loading driver at 0x0007F55B000 EntryPoint=0x0007F55E1DF EbcDxe.efi
InstallProtocolInterface: BC62157E-3E33-4FEC-9920-2D3B36D750DF 7F587718
ProtectUefiImageCommon - 0x7F587140
  - 0x000000007F55B000 - 0x0000000000006040
InstallProtocolInterface: 13AC6DD1-73D0-11D4-B06B-00AA00BD6DE7 7F56E018
InstallProtocolInterface: 96F46153-97A7-4793-ACC1-FA19BF78EA97 7F560DA0
InstallProtocolInterface: 2755590C-6F3C-42FA-9EA4-A3BA543CDA25 7F56EB98
InstallProtocolInterface: AAEACCFD-F27B-4C17-B610-75CA1F2DFB52 7F56E098
Loading driver A19B1FE7-C1BC-49F8-875F-54A5D542443F
InstallProtocolInterface: 5B1B31A1-9562-11D2-8E3F-00A0C969723B 7F56E140
Loading driver at 0x0007F563000 EntryPoint=0x0007F564E0F CpuIo2Dxe.efi
InstallProtocolInterface: BC62157E-3E33-4FEC-9920-2D3B36D750DF 7F56E898
ProtectUefiImageCommon - 0x7F56E140
  - 0x000000007F563000 - 0x0000000000002BC0
InstallProtocolInterface: AD61F191-AE5F-4C0E-B9FA-E869D288C64F 7F565A80
Loading driver 1A1E4886-9517-440E-9FDE-3BE44CEE2136
InstallProtocolInterface: 5B1B31A1-9562-11D2-8E3F-00A0C969723B 7F56D040
Loading driver at 0x0007F135000 EntryPoint=0x0007F1380F9 CpuDxe.efi
InstallProtocolInterface: BC62157E-3E33-4FEC-9920-2D3B36D750DF 7F56DD18
ProtectUefiImageCommon - 0x7F56D040
  - 0x000000007F135000 - 0x0000000000012B00
Paging: added 512 pages to page table pool
CurrentPagingContext:
  MachineType   - 0x8664
  PageTableBase - 0x7FC01000
  Attributes    - 0xC0000002
InstallProtocolInterface: 26BACCB1-6F42-11D4-BCE7-0080C73C8881 7F1477E0
MemoryProtectionCpuArchProtocolNotify:
ProtectUefiImageCommon - 0x7FEBCAC8
  - 0x000000007FE99000 - 0x0000000000028000
ProtectUefiImageCommon - 0x7F58D0C0
  - 0x000000007F575000 - 0x000000000000B6C0
ProtectUefiImageCommon - 0x7F586040
  - 0x000000007F56F000 - 0x0000000000005FC0
ProtectUefiImageCommon - 0x7F58C0C0
  - 0x000000007F581000 - 0x0000000000004500
ProtectUefiImageCommon - 0x7F58C4C0
  - 0x000000007FAE6000 - 0x0000000000009000
SetUefiImageMemoryAttributes - 0x000000007FAE6000 - 0x0000000000001000 (0x0000000000004000)
SetUefiImageMemoryAttributes - 0x000000007FAE7000 - 0x0000000000006000 (0x0000000000020000)
SetUefiImageMemoryAttributes - 0x000000007FAED000 - 0x0000000000002000 (0x0000000000004000)
ProtectUefiImageCommon - 0x7F58B7C0
  - 0x000000007FADF000 - 0x0000000000007000
SetUefiImageMemoryAttributes - 0x000000007FADF000 - 0x0000000000001000 (0x0000000000004000)
SetUefiImageMemoryAttributes - 0x000000007FAE0000 - 0x0000000000004000 (0x0000000000020000)
SetUefiImageMemoryAttributes - 0x000000007FAE4000 - 0x0000000000002000 (0x0000000000004000)
ProtectUefiImageCommon - 0x7F588BC0
  - 0x000000007FAD9000 - 0x0000000000006000
SetUefiImageMemoryAttributes - 0x000000007FAD9000 - 0x0000000000001000 (0x0000000000004000)
SetUefiImageMemoryAttributes - 0x000000007FADA000 - 0x0000000000003000 (0x0000000000020000)
SetUefiImageMemoryAttributes - 0x000000007FADD000 - 0x0000000000002000 (0x0000000000004000)
ProtectUefiImageCommon - 0x7F588340
  - 0x000000007F569000 - 0x0000000000002F40
ProtectUefiImageCommon - 0x7F587140
  - 0x000000007F55B000 - 0x0000000000006040
ProtectUefiImageCommon - 0x7F56E140
  - 0x000000007F563000 - 0x0000000000002BC0
ProtectUefiImageCommon - 0x7F56D040
  - 0x000000007F135000 - 0x0000000000012B00
ConvertPages: failed to find range A0000 - FFFFF
ConvertPages: failed to find range 80000000 - FBFFFFFF
ConvertPages: failed to find range FEC00000 - FEC00FFF
Failed to update capability: [7] 00000000FED00000 - 00000000FED003FF (C700000000000001 -> C700000000026001)
ConvertPages: failed to find range FEE00000 - FEEFFFFF
ConvertPages: failed to find range FFC00000 - FFFFFFFF
AP Loop Mode is 1
GetMicrocodePatchInfoFromHob: MicrocodeBase = 0x0, MicrocodeSize = 0x0
CPU[0000]: Microcode revision = 00000000, expected = 00000000
Detect CPU count: 1
InstallProtocolInterface: 3FDDA605-A76E-4F46-AD29-12F4531B3D08 7F147780
Loading driver F6697AC4-A776-4EE1-B643-1FEFF2B615BB
InstallProtocolInterface: 5B1B31A1-9562-11D2-8E3F-00A0C969723B 7F562040
Loading driver at 0x0007F132000 EntryPoint=0x0007F133409 IncompatiblePciDeviceSupportDxe.efi
InstallProtocolInterface: BC62157E-3E33-4FEC-9920-2D3B36D750DF 7F562318
ProtectUefiImageCommon - 0x7F562040
  - 0x000000007F132000 - 0x0000000000002340
InstallProtocolInterface: EB23F55A-7863-4AC2-8D3D-956535DE0375 7F134258
Loading driver 11A6EDF6-A9BE-426D-A6CC-B22FE51D9224
InstallProtocolInterface: 5B1B31A1-9562-11D2-8E3F-00A0C969723B 7F14A040
Loading driver at 0x0007F126000 EntryPoint=0x0007F129C43 PciHotPlugInitDxe.efi
InstallProtocolInterface: BC62157E-3E33-4FEC-9920-2D3B36D750DF 7F562D98
ProtectUefiImageCommon - 0x7F14A040
  - 0x000000007F126000 - 0x00000000000055C0
InstallProtocolInterface: AA0E8BC1-DABC-46B0-A844-37B8169B2BEA 7F12B4C0
Loading driver 4B28E4C7-FF36-4E10-93CF-A82159E777C5
InstallProtocolInterface: 5B1B31A1-9562-11D2-8E3F-00A0C969723B 7F14AAC0
Loading driver at 0x0007FAD2000 EntryPoint=0x0007FAD4E71 ResetSystemRuntimeDxe.efi
InstallProtocolInterface: BC62157E-3E33-4FEC-9920-2D3B36D750DF 7F14A998
ProtectUefiImageCommon - 0x7F14AAC0
  - 0x000000007FAD2000 - 0x0000000000007000
SetUefiImageMemoryAttributes - 0x000000007FAD2000 - 0x0000000000001000 (0x0000000000004008)
SetUefiImageMemoryAttributes - 0x000000007FAD3000 - 0x0000000000004000 (0x0000000000020008)
SetUefiImageMemoryAttributes - 0x000000007FAD7000 - 0x0000000000002000 (0x0000000000004008)
InstallProtocolInterface: 27CFAC88-46CC-11D4-9A38-0090273FC14D 0
InstallProtocolInterface: 9DA34AE0-EAF9-4BBF-8EC3-FD60226C44BE 7FAD7128
InstallProtocolInterface: 695D7835-8D47-4C11-AB22-FA8ACCE7AE7A 7FAD70E8
InstallProtocolInterface: 2DF6BA0B-7092-440D-BD04-FB091EC3F3C1 7FAD70A8
Loading driver C8339973-A563-4561-B858-D8476F9DEFC4
InstallProtocolInterface: 5B1B31A1-9562-11D2-8E3F-00A0C969723B 7F149140
Loading driver at 0x0007F12C000 EntryPoint=0x0007F12D47A Metronome.efi
InstallProtocolInterface: BC62157E-3E33-4FEC-9920-2D3B36D750DF 7F149B18
ProtectUefiImageCommon - 0x7F149140
  - 0x000000007F12C000 - 0x0000000000002880
InstallProtocolInterface: 26BACCB2-6F42-11D4-BCE7-0080C73C8881 7F12E700
Loading driver 348C4D62-BFBD-4882-9ECE-C80BB1C4783B
InstallProtocolInterface: 5B1B31A1-9562-11D2-8E3F-00A0C969723B 7F1495C0
Loading driver at 0x0007F0EA000 EntryPoint=0x0007F0EDD25 HiiDatabase.efi
InstallProtocolInterface: BC62157E-3E33-4FEC-9920-2D3B36D750DF 7F148F98
ProtectUefiImageCommon - 0x7F1495C0
  - 0x000000007F0EA000 - 0x000000000001DF00
InstallProtocolInterface: E9CA4775-8657-47FC-97E7-7ED65A084324 7F107AE8
InstallProtocolInterface: 0FD96974-23AA-4CDC-B9CB-98D17750322A 7F107B60
InstallProtocolInterface: EF9FC172-A1B2-4693-B327-6D32FC416042 7F107B88
InstallProtocolInterface: 587E72D7-CC50-4F79-8209-CA291FC1A10F 7F107BE0
InstallProtocolInterface: 0A8BADD5-03B8-4D19-B128-7B8F0EDAA596 7F107C10
InstallProtocolInterface: 31A6406A-6BDF-4E46-B2A2-EBAA89C40920 7F107B08
InstallProtocolInterface: 1A1241E6-8F19-41A9-BC0E-E8EF39E06546 7F107B30
Loading driver 96B5C032-DF4C-4B6E-8232-438DCF448D0E
InstallProtocolInterface: 5B1B31A1-9562-11D2-8E3F-00A0C969723B 7F148240
Loading driver at 0x0007F123000 EntryPoint=0x0007F124431 NullMemoryTestDxe.efi
InstallProtocolInterface: BC62157E-3E33-4FEC-9920-2D3B36D750DF 7F122F18
ProtectUefiImageCommon - 0x7F148240
  - 0x000000007F123000 - 0x0000000000002400
InstallProtocolInterface: 309DE7F1-7F5E-4ACE-B49C-531BE5AA95EF 7F125260
Loading driver 9622E42C-8E38-4A08-9E8F-54F784652F6B
InstallProtocolInterface: 5B1B31A1-9562-11D2-8E3F-00A0C969723B 7F1220C0
Loading driver at 0x0007F112000 EntryPoint=0x0007F116656 AcpiTableDxe.efi
InstallProtocolInterface: BC62157E-3E33-4FEC-9920-2D3B36D750DF 7F122A98
ProtectUefiImageCommon - 0x7F1220C0
  - 0x000000007F112000 - 0x0000000000007BC0
InstallProtocolInterface: FFE06BDD-6107-46A6-7BB2-5A9C7EC5275C 7F1225A0
InstallProtocolInterface: EB97088E-CFDF-49C6-BE4B-D906A5B20E86 7F1225B0
Loading driver BDCE85BB-FBAA-4F4E-9264-501A2C249581
InstallProtocolInterface: 5B1B31A1-9562-11D2-8E3F-00A0C969723B 7F131B40
Loading driver at 0x0007F10B000 EntryPoint=0x0007F10F009 S3SaveStateDxe.efi
InstallProtocolInterface: BC62157E-3E33-4FEC-9920-2D3B36D750DF 7F122398
ProtectUefiImageCommon - 0x7F131B40
  - 0x000000007F10B000 - 0x0000000000006240
InstallProtocolInterface: BD445D79-B7AD-4F04-9AD8-29BD2040EB3C 0
InstallProtocolInterface: E857CAF6-C046-45DC-BE3F-EE0765FBA887 7F110FE0
Loading driver A210F973-229D-4F4D-AA37-9895E6C9EABA
InstallProtocolInterface: 5B1B31A1-9562-11D2-8E3F-00A0C969723B 7F131240
Loading driver at 0x0007F11C000 EntryPoint=0x0007F11D537 DpcDxe.efi
InstallProtocolInterface: BC62157E-3E33-4FEC-9920-2D3B36D750DF 7F130018
ProtectUefiImageCommon - 0x7F131240
  - 0x000000007F11C000 - 0x0000000000002300
InstallProtocolInterface: 480F8AE9-0C46-4AA9-BC89-DB9FBA619806 7F11DFD0
Loading driver 8657015B-EA43-440D-949A-AF3BE365C0FC
InstallProtocolInterface: 5B1B31A1-9562-11D2-8E3F-00A0C969723B 7F1300C0
Loading driver at 0x0007F0DC000 EntryPoint=0x0007F0DFE4F IoMmuDxe.efi
InstallProtocolInterface: BC62157E-3E33-4FEC-9920-2D3B36D750DF 7F130A18
ProtectUefiImageCommon - 0x7F1300C0
  - 0x000000007F0DC000 - 0x00000000000060C0
InstallProtocolInterface: F8775D50-8ABD-4ADF-92AC-853E51F6C8DC 0
Loading driver 22DC2B60-FE40-42AC-B01F-3AB1FAD9AAD8
InstallProtocolInterface: 5B1B31A1-9562-11D2-8E3F-00A0C969723B 7F130440
Loading driver at 0x0007FACC000 EntryPoint=0x0007FACE726 EmuVariableFvbRuntimeDxe.efi
InstallProtocolInterface: BC62157E-3E33-4FEC-9920-2D3B36D750DF 7F12FE18
ProtectUefiImageCommon - 0x7F130440
  - 0x000000007FACC000 - 0x0000000000006000
SetUefiImageMemoryAttributes - 0x000000007FACC000 - 0x0000000000001000 (0x0000000000004008)
SetUefiImageMemoryAttributes - 0x000000007FACD000 - 0x0000000000003000 (0x0000000000020008)
SetUefiImageMemoryAttributes - 0x000000007FAD0000 - 0x0000000000002000 (0x0000000000004008)
EMU Variable FVB Started
Disabling EMU Variable FVB since flash variables appear to be supported.
Error: Image at 0007FACC000 start failed: Aborted
SetUefiImageMemoryAttributes - 0x000000007FACC000 - 0x0000000000006000 (0x0000000000000008)
Loading driver CBD2E4D5-7068-4FF5-B462-9822B4AD8D60
InstallProtocolInterface: 5B1B31A1-9562-11D2-8E3F-00A0C969723B 7F130440
Loading driver at 0x0007FAC2000 EntryPoint=0x0007FACAE9F VariableRuntimeDxe.efi
InstallProtocolInterface: BC62157E-3E33-4FEC-9920-2D3B36D750DF 7F12FE98
ProtectUefiImageCommon - 0x7F130440
  - 0x000000007FAC2000 - 0x0000000000010000
SetUefiImageMemoryAttributes - 0x000000007FAC2000 - 0x0000000000001000 (0x0000000000004008)
SetUefiImageMemoryAttributes - 0x000000007FAC3000 - 0x000000000000D000 (0x0000000000020008)
SetUefiImageMemoryAttributes - 0x000000007FAD0000 - 0x0000000000002000 (0x0000000000004008)
VarCheckLibRegisterSetVariableCheckHandler - 0x7FAC5CA3 Success
Variable driver common space: 0x3FF9C 0x3FF9C 0x3FF9C
Variable driver will work with auth variable format!
InstallProtocolInterface: CD3D0A05-9E24-437C-A891-1EE053DB7638 7FAD0470
InstallProtocolInterface: AF23B340-97B4-4685-8D4F-A3F28169B21D 7FAD0440
InstallProtocolInterface: 1E5668E2-8481-11D4-BCF1-0080C73C8881 0
VarCheckLibRegisterSetVariableCheckHandler - 0x7FAC5F8B Success
InstallProtocolInterface: 81D1675C-86F6-48DF-BD95-9A6E4F0925C3 7FAD03C0
Loading driver 6C2004EF-4E0E-4BE4-B14C-340EB4AA5891
InstallProtocolInterface: 5B1B31A1-9562-11D2-8E3F-00A0C969723B 7F121040
Loading driver at 0x0007FABD000 EntryPoint=0x0007FABF2C1 StatusCodeHandlerRuntimeDxe.efi
InstallProtocolInterface: BC62157E-3E33-4FEC-9920-2D3B36D750DF 7F121F18
ProtectUefiImageCommon - 0x7F121040
  - 0x000000007FABD000 - 0x0000000000005000
SetUefiImageMemoryAttributes - 0x000000007FABD000 - 0x0000000000001000 (0x0000000000004008)
SetUefiImageMemoryAttributes - 0x000000007FABE000 - 0x0000000000003000 (0x0000000000020008)
SetUefiImageMemoryAttributes - 0x000000007FAC1000 - 0x0000000000001000 (0x0000000000004008)
Loading driver 52FE8196-F9DE-4D07-B22F-51F77A0E7C41
InstallProtocolInterface: 5B1B31A1-9562-11D2-8E3F-00A0C969723B 7F121340
Loading driver at 0x0007F0E7000 EntryPoint=0x0007F0E8AB8 LocalApicTimerDxe.efi
InstallProtocolInterface: BC62157E-3E33-4FEC-9920-2D3B36D750DF 7F121918
ProtectUefiImageCommon - 0x7F121340
  - 0x000000007F0E7000 - 0x0000000000002F80
InstallProtocolInterface: 26BACCB3-6F42-11D4-BCE7-0080C73C8881 7F0E9DC0
Loading driver 128FB770-5E79-4176-9E51-9BB268A17DD1
InstallProtocolInterface: 5B1B31A1-9562-11D2-8E3F-00A0C969723B 7F120B40
Loading driver at 0x0007F0C8000 EntryPoint=0x0007F0CD8F2 PciHostBridgeDxe.efi
InstallProtocolInterface: BC62157E-3E33-4FEC-9920-2D3B36D750DF 7F120E98
ProtectUefiImageCommon - 0x7F120B40
  - 0x000000007F0C8000 - 0x0000000000009F00
Select Item: 0x0
FW CFG Signature: 0x554D4551
Select Item: 0x1
FW CFG Revision: 0x3
QemuFwCfg interface (DMA) is supported.
Select Item: 0x19
PciHostBridgeUtilityInitRootBridge: populated root bus 0, with room for 255 subordinate bus(es)
RootBridge: PciRoot(0x0)
  Support/Attr: 70069 / 70069
    DmaAbove4G: No
NoExtConfSpace: Yes
     AllocAttr: 3 (CombineMemPMem Mem64Decode)
           Bus: 0 - FF Translation=0
            Io: C000 - FFFF Translation=0
           Mem: 80000000 - FBFFFFFF Translation=0
    MemAbove4G: 800000000 - FFFFFFFFF Translation=0
          PMem: FFFFFFFFFFFFFFFF - 0 Translation=0
   PMemAbove4G: FFFFFFFFFFFFFFFF - 0 Translation=0
InstallProtocolInterface: CF8034BE-6768-4D8B-B739-7CCE683A9FBE 7F1205C0
InstallProtocolInterface: 09576E91-6D3F-11D2-8E39-00A0C969723B 7F120698
InstallProtocolInterface: 2F707EBB-4A1A-11D4-9A38-0090273FC14D 7F120370
Loading driver EBF342FE-B1D3-4EF8-957C-8048606FF671
InstallProtocolInterface: 5B1B31A1-9562-11D2-8E3F-00A0C969723B 7F11F8C0
Loading driver at 0x0007F094000 EntryPoint=0x0007F096B55 SetupBrowser.efi
InstallProtocolInterface: BC62157E-3E33-4FEC-9920-2D3B36D750DF 7F11F618
ProtectUefiImageCommon - 0x7F11F8C0
  - 0x000000007F094000 - 0x0000000000019880
InstallProtocolInterface: B9D4C360-BCFB-4F9B-9298-53C136982258 7F0AD3B0
InstallProtocolInterface: A770C357-B693-4E6D-A6CF-D21C728E550B 7F0AD3E0
InstallProtocolInterface: 1F73B18D-4630-43C1-A1DE-6F80855D7DA4 7F0AD3C0
Loading driver F9D88642-0737-49BC-81B5-6889CD57D9EA
InstallProtocolInterface: 5B1B31A1-9562-11D2-8E3F-00A0C969723B 7F11B0C0
Loading driver at 0x0007F0C1000 EntryPoint=0x0007F0C48F2 SmbiosDxe.efi
InstallProtocolInterface: BC62157E-3E33-4FEC-9920-2D3B36D750DF 7F11BA18
ProtectUefiImageCommon - 0x7F11B0C0
  - 0x000000007F0C1000 - 0x0000000000006300
Select Item: 0x0
FW CFG Signature: 0x554D4551
Select Item: 0x1
FW CFG Revision: 0x3
QemuFwCfg interface (DMA) is supported.
Select Item: 0x19
Select Item: 0x19
Select Item: 0x26
DetectSmbiosVersion: SMBIOS version from QEMU: 0x0208
InstallProtocolInterface: 03583FF6-CB36-4940-947E-B9B39F4AFAF7 7F0C71B0
Loading driver 17985E6F-E778-4D94-AEFA-C5DD2B77E186
InstallProtocolInterface: 5B1B31A1-9562-11D2-8E3F-00A0C969723B 7F11B440
Loading driver at 0x0007F0B9000 EntryPoint=0x0007F0BD780 QemuFwCfgAcpiPlatform.efi
InstallProtocolInterface: BC62157E-3E33-4FEC-9920-2D3B36D750DF 7F11AF98
ProtectUefiImageCommon - 0x7F11B440
  - 0x000000007F0B9000 - 0x0000000000007180
Select Item: 0x0
FW CFG Signature: 0x554D4551
Select Item: 0x1
FW CFG Revision: 0x3
QemuFwCfg interface (DMA) is supported.
AcpiPlatformEntryPoint: waiting for root bridges to be connected, registered callback
Loading driver FA20568B-548B-4B2B-81EF-1BA08D4A3CEC
InstallProtocolInterface: 5B1B31A1-9562-11D2-8E3F-00A0C969723B 7F11A0C0
Loading driver at 0x0007F072000 EntryPoint=0x0007F077DF8 BootScriptExecutorDxe.efi
InstallProtocolInterface: BC62157E-3E33-4FEC-9920-2D3B36D750DF 7F11AA98
ProtectUefiImageCommon - 0x7F11A0C0
  - 0x000000007F072000 - 0x0000000000010880
Loading driver A487A478-51EF-48AA-8794-7BEE2A0562F1
InstallProtocolInterface: 5B1B31A1-9562-11D2-8E3F-00A0C969723B 7F10A040
Loading driver at 0x0007F089000 EntryPoint=0x0007F08FB46 tftpDynamicCommand.efi
InstallProtocolInterface: BC62157E-3E33-4FEC-9920-2D3B36D750DF 7F11A598
InstallProtocolInterface: 6A1EE763-D47A-43B4-AABE-EF1DE2AB56FC 7F092030
ProtectUefiImageCommon - 0x7F10A040
  - 0x000000007F089000 - 0x000000000000AB80
InstallProtocolInterface: 3C7200E9-005F-4EA4-87DE-A3DFAC8A27C3 7F091C40
Loading driver 19618BCE-55AE-09C6-37E9-4CE04084C7A1
InstallProtocolInterface: 5B1B31A1-9562-11D2-8E3F-00A0C969723B 7F10A4C0
Loading driver at 0x0007F057000 EntryPoint=0x0007F05F272 httpDynamicCommand.efi
InstallProtocolInterface: BC62157E-3E33-4FEC-9920-2D3B36D750DF 7F10A818
InstallProtocolInterface: 6A1EE763-D47A-43B4-AABE-EF1DE2AB56FC 7F061D70
ProtectUefiImageCommon - 0x7F10A4C0
  - 0x000000007F057000 - 0x000000000000D000
InstallProtocolInterface: 3C7200E9-005F-4EA4-87DE-A3DFAC8A27C3 7F0618C0
Loading driver 2F30DA26-F51B-4B6F-85C4-31873C281BCA
InstallProtocolInterface: 5B1B31A1-9562-11D2-8E3F-00A0C969723B 7F0E67C0
Loading driver at 0x0007F0B1000 EntryPoint=0x0007F0B6464 LinuxInitrdDynamicShellCommand.efi
InstallProtocolInterface: BC62157E-3E33-4FEC-9920-2D3B36D750DF 7F0E6118
InstallProtocolInterface: 6A1EE763-D47A-43B4-AABE-EF1DE2AB56FC 7F0B84F0
ProtectUefiImageCommon - 0x7F0E67C0
  - 0x000000007F0B1000 - 0x0000000000008000
InstallProtocolInterface: 3C7200E9-005F-4EA4-87DE-A3DFAC8A27C3 7F0B81D0
Loading driver F74D20EE-37E7-48FC-97F7-9B1047749C69
InstallProtocolInterface: 5B1B31A1-9562-11D2-8E3F-00A0C969723B 7F0DBB40
Loading driver at 0x0007F084000 EntryPoint=0x0007F0851E3 LogoDxe.efi
InstallProtocolInterface: BC62157E-3E33-4FEC-9920-2D3B36D750DF 7F0DBE98
InstallProtocolInterface: 6A1EE763-D47A-43B4-AABE-EF1DE2AB56FC 7F085DB0
ProtectUefiImageCommon - 0x7F0DBB40
  - 0x000000007F084000 - 0x0000000000004D00
InstallProtocolInterface: 53CD299F-2BC1-40C0-8C07-23F64FDB30E0 7F085C00
Loading driver DCE1B094-7DC6-45D0-9FDD-D7FC3CC3E4EF
InstallProtocolInterface: 5B1B31A1-9562-11D2-8E3F-00A0C969723B 7F0D57C0
Loading driver at 0x0007F066000 EntryPoint=0x0007F068D82 QemuRamfbDxe.efi
InstallProtocolInterface: BC62157E-3E33-4FEC-9920-2D3B36D750DF 7F0D5698
ProtectUefiImageCommon - 0x7F0D57C0
  - 0x000000007F066000 - 0x0000000000005240
Select Item: 0x0
FW CFG Signature: 0x554D4551
Select Item: 0x1
FW CFG Revision: 0x3
QemuFwCfg interface (DMA) is supported.
Select Item: 0x19
Error: Image at 0007F066000 start failed: Not Found
Loading driver FE5CEA76-4F72-49E8-986F-2CD899DFFE5D
InstallProtocolInterface: 5B1B31A1-9562-11D2-8E3F-00A0C969723B 7F0D57C0
Loading driver at 0x0007F066000 EntryPoint=0x0007F069F78 FaultTolerantWriteDxe.efi
InstallProtocolInterface: BC62157E-3E33-4FEC-9920-2D3B36D750DF 7F0D6018
ProtectUefiImageCommon - 0x7F0D57C0
  - 0x000000007F066000 - 0x0000000000005A00
Ftw: FtwWorkSpaceLba - 0x41, WorkBlockSize  - 0x1000, FtwWorkSpaceBase - 0x0
Ftw: FtwSpareLba     - 0x42, SpareBlockSize - 0x1000
Ftw: NumberOfWorkBlock - 0x1, FtwWorkBlockLba - 0x41
Ftw: WorkSpaceLbaInSpare - 0x0, WorkSpaceBaseInSpare - 0x0
Ftw: Remaining work space size - FE0
InstallProtocolInterface: 3EBD9E82-2C78-4DE6-9786-8D4BFCB7C881 7F0D3028
NOTICE - AuthVariableLibInitialize() returns Unsupported!
Variable driver will continue to work without auth variable support!
RecordSecureBootPolicyVarData GetVariable SecureBoot Status E
InstallProtocolInterface: 6441F818-6362-4E44-B570-7DBA31DD2453 0
Loading driver 378D7B65-8DA9-4773-B6E4-A47826A833E1
InstallProtocolInterface: 5B1B31A1-9562-11D2-8E3F-00A0C969723B 7F0D67C0
Loading driver at 0x0007FAB6000 EntryPoint=0x0007FAB9586 PcRtc.efi
InstallProtocolInterface: BC62157E-3E33-4FEC-9920-2D3B36D750DF 7F0D6D18
ProtectUefiImageCommon - 0x7F0D67C0
  - 0x000000007FAB6000 - 0x0000000000007000
SetUefiImageMemoryAttributes - 0x000000007FAB6000 - 0x0000000000001000 (0x0000000000004008)
SetUefiImageMemoryAttributes - 0x000000007FAB7000 - 0x0000000000005000 (0x0000000000020008)
SetUefiImageMemoryAttributes - 0x000000007FABC000 - 0x0000000000001000 (0x0000000000004008)
InstallProtocolInterface: 27CFAC87-46CC-11D4-9A38-0090273FC14D 0
Loading driver F099D67F-71AE-4C36-B2A3-DCEB0EB2B7D8
InstallProtocolInterface: 5B1B31A1-9562-11D2-8E3F-00A0C969723B 7F0D2BC0
Loading driver at 0x0007F06F000 EntryPoint=0x0007F0702A7 WatchdogTimer.efi
InstallProtocolInterface: BC62157E-3E33-4FEC-9920-2D3B36D750DF 7F0D2F18
ProtectUefiImageCommon - 0x7F0D2BC0
  - 0x000000007F06F000 - 0x0000000000002100
InstallProtocolInterface: 665E3FF5-46CC-11D4-9A38-0090273FC14D 7F070F70
Loading driver AD608272-D07F-4964-801E-7BD3B7888652
InstallProtocolInterface: 5B1B31A1-9562-11D2-8E3F-00A0C969723B 7F0D2240
Loading driver at 0x0007FAB2000 EntryPoint=0x0007FAB406E MonotonicCounterRuntimeDxe.efi
InstallProtocolInterface: BC62157E-3E33-4FEC-9920-2D3B36D750DF 7F0D2698
ProtectUefiImageCommon - 0x7F0D2240
  - 0x000000007FAB2000 - 0x0000000000004000
SetUefiImageMemoryAttributes - 0x000000007FAB2000 - 0x0000000000001000 (0x0000000000004008)
SetUefiImageMemoryAttributes - 0x000000007FAB3000 - 0x0000000000002000 (0x0000000000020008)
SetUefiImageMemoryAttributes - 0x000000007FAB5000 - 0x0000000000001000 (0x0000000000004008)
InstallProtocolInterface: 1DA97072-BDDC-4B30-99F1-72A0B56FFF2A 0
Loading driver 42857F0A-13F2-4B21-8A23-53D3F714B840
InstallProtocolInterface: 5B1B31A1-9562-11D2-8E3F-00A0C969723B 7F0B07C0
Loading driver at 0x0007FAAD000 EntryPoint=0x0007FAAF2C9 CapsuleRuntimeDxe.efi
InstallProtocolInterface: BC62157E-3E33-4FEC-9920-2D3B36D750DF 7F0B0598
ProtectUefiImageCommon - 0x7F0B07C0
  - 0x000000007FAAD000 - 0x0000000000005000
SetUefiImageMemoryAttributes - 0x000000007FAAD000 - 0x0000000000001000 (0x0000000000004008)
SetUefiImageMemoryAttributes - 0x000000007FAAE000 - 0x0000000000003000 (0x0000000000020008)
SetUefiImageMemoryAttributes - 0x000000007FAB1000 - 0x0000000000001000 (0x0000000000004008)
InstallProtocolInterface: 5053697E-2CBC-4819-90D9-0580DEEE5754 0
Loading driver EBF8ED7C-0DD1-4787-84F1-F48D537DCACF
InstallProtocolInterface: 5B1B31A1-9562-11D2-8E3F-00A0C969723B 7F0AFB40
Loading driver at 0x0007F049000 EntryPoint=0x0007F04CF9C DriverHealthManagerDxe.efi
InstallProtocolInterface: BC62157E-3E33-4FEC-9920-2D3B36D750DF 7F0AFE18
ProtectUefiImageCommon - 0x7F0AFB40
  - 0x000000007F049000 - 0x0000000000006200
InstallProtocolInterface: 09576E91-6D3F-11D2-8E39-00A0C969723B 7F04EFA0
InstallProtocolInterface: 330D4706-F2A0-4E4F-A369-B66FA8D54385 7F04EF70
Loading driver 6D33944A-EC75-4855-A54D-809C75241F6C
InstallProtocolInterface: 5B1B31A1-9562-11D2-8E3F-00A0C969723B 7F0AE040
Loading driver at 0x0007F011000 EntryPoint=0x0007F017754 BdsDxe.efi
InstallProtocolInterface: BC62157E-3E33-4FEC-9920-2D3B36D750DF 7F0AE718
ProtectUefiImageCommon - 0x7F0AE040
  - 0x000000007F011000 - 0x000000000001BE40
Select Item: 0x0
FW CFG Signature: 0x554D4551
Select Item: 0x1
FW CFG Revision: 0x3
QemuFwCfg interface (DMA) is supported.
InstallProtocolInterface: 665E3FF6-46CC-11D4-9A38-0090273FC14D 7F02C460
Loading driver 28A03FF4-12B3-4305-A417-BB1A4F94081E
InstallProtocolInterface: 5B1B31A1-9562-11D2-8E3F-00A0C969723B 7F083040
Loading driver at 0x0007F033000 EntryPoint=0x0007F03A06E RamDiskDxe.efi
InstallProtocolInterface: BC62157E-3E33-4FEC-9920-2D3B36D750DF 7F083D98
ProtectUefiImageCommon - 0x7F083040
  - 0x000000007F033000 - 0x000000000000AE40
InstallProtocolInterface: 09576E91-6D3F-11D2-8E39-00A0C969723B 7F083B18
InstallProtocolInterface: 330D4706-F2A0-4E4F-A369-B66FA8D54385 7F03DBB8
InstallProtocolInterface: 09576E91-6D3F-11D2-8E39-00A0C969723B 7F03DAA0
InstallProtocolInterface: 330D4706-F2A0-4E4F-A369-B66FA8D54385 7F06DF30
InstallProtocolInterface: AB38A0DF-6873-44A9-87E6-D4EB56148449 7F03DAF0
InstallProtocolInterface: 28A03FF4-12B3-4305-A417-BB1A4F94081E 7F06DF18
Loading driver E660EA85-058E-4B55-A54B-F02F83A24707
InstallProtocolInterface: 5B1B31A1-9562-11D2-8E3F-00A0C969723B 7F06E040
Loading driver at 0x0007EDD8000 EntryPoint=0x0007EDDE884 DisplayEngine.efi
InstallProtocolInterface: BC62157E-3E33-4FEC-9920-2D3B36D750DF 7F06EA18
ProtectUefiImageCommon - 0x7F06E040
  - 0x000000007EDD8000 - 0x0000000000013E40
InstallProtocolInterface: 9BBE29E9-FDA1-41EC-AD52-452213742D2E 7EDEA2D0
InstallProtocolInterface: 4311EDC0-6054-46D4-9E40-893EA952FCCC 7EDEA2E8
Loading driver 4110465D-5FF3-4F4B-B580-24ED0D06747A
InstallProtocolInterface: 5B1B31A1-9562-11D2-8E3F-00A0C969723B 7F055140
Loading driver at 0x0007F041000 EntryPoint=0x0007F042D30 SmbiosPlatformDxe.efi
InstallProtocolInterface: BC62157E-3E33-4FEC-9920-2D3B36D750DF 7F055A98
ProtectUefiImageCommon - 0x7F055140
  - 0x000000007F041000 - 0x00000000000038C0
Select Item: 0x0
FW CFG Signature: 0x554D4551
Select Item: 0x1
FW CFG Revision: 0x3
QemuFwCfg interface (DMA) is supported.
Select Item: 0x19
Select Item: 0x27
SmbiosAdd: Smbios type 1 with size 0x53 is added to 32-bit table
SmbiosCreateTable: Initialize 32-bit entry point structure
SmbiosCreateTable() re-allocate SMBIOS 32-bit table
SmbiosAdd: Smbios type 3 with size 0x2C is added to 32-bit table
SmbiosAdd: Smbios type 4 with size 0x46 is added to 32-bit table
SmbiosAdd: Smbios type 16 with size 0x19 is added to 32-bit table
SmbiosAdd: Smbios type 17 with size 0x35 is added to 32-bit table
SmbiosAdd: Smbios type 19 with size 0x21 is added to 32-bit table
SmbiosAdd: Smbios type 32 with size 0xD is added to 32-bit table
SmbiosAdd: Smbios type 0 with size 0x4A is added to 32-bit table
Loading driver D9DCC5DF-4007-435E-9098-8970935504B2
InstallProtocolInterface: 5B1B31A1-9562-11D2-8E3F-00A0C969723B 7F052840
Loading driver at 0x0007F00C000 EntryPoint=0x0007F00EB14 PlatformDxe.efi
InstallProtocolInterface: BC62157E-3E33-4FEC-9920-2D3B36D750DF 7F055498
ProtectUefiImageCommon - 0x7F052840
  - 0x000000007F00C000 - 0x0000000000004A80
InstallProtocolInterface: 09576E91-6D3F-11D2-8E39-00A0C969723B 7F0108C0
InstallProtocolInterface: 330D4706-F2A0-4E4F-A369-B66FA8D54385 7F010990
Loading driver 93B80004-9FB3-11D4-9A3A-0090273FC14D
InstallProtocolInterface: 5B1B31A1-9562-11D2-8E3F-00A0C969723B 7F051040
Loading driver at 0x0007EDC8000 EntryPoint=0x0007EDCAC9D PciBusDxe.efi
InstallProtocolInterface: BC62157E-3E33-4FEC-9920-2D3B36D750DF 7F051298
ProtectUefiImageCommon - 0x7F051040
  - 0x000000007EDC8000 - 0x000000000000F480
InstallProtocolInterface: 18A031AB-B443-4D1A-A5C0-0C09261E9F71 7EDD7160
InstallProtocolInterface: 107A772C-D5E1-11D4-9A46-0090273FC14D 7EDD7130
InstallProtocolInterface: 6A7A5CFF-E8D9-4F70-BADA-75AB3025CE14 7EDD7110
InstallProtocolInterface: 19CB87AB-2CB9-4665-8360-DDCF6054F79D 7EDD70F0
Loading driver 83DD3B39-7CAF-4FAC-A542-E050B767E3A7
InstallProtocolInterface: 5B1B31A1-9562-11D2-8E3F-00A0C969723B 7F0500C0
Loading driver at 0x0007F02F000 EntryPoint=0x0007F030F73 VirtioPciDeviceDxe.efi
InstallProtocolInterface: BC62157E-3E33-4FEC-9920-2D3B36D750DF 7F050998
ProtectUefiImageCommon - 0x7F0500C0
  - 0x000000007F02F000 - 0x0000000000003240
InstallProtocolInterface: 18A031AB-B443-4D1A-A5C0-0C09261E9F71 7F0320A0
InstallProtocolInterface: 107A772C-D5E1-11D4-9A46-0090273FC14D 7F032080
InstallProtocolInterface: 6A7A5CFF-E8D9-4F70-BADA-75AB3025CE14 7F032060
Loading driver 0170F60C-1D40-4651-956D-F0BD9879D527
InstallProtocolInterface: 5B1B31A1-9562-11D2-8E3F-00A0C969723B 7F050540
Loading driver at 0x0007F002000 EntryPoint=0x0007F0056BF Virtio10.efi
InstallProtocolInterface: BC62157E-3E33-4FEC-9920-2D3B36D750DF 7F048018
ProtectUefiImageCommon - 0x7F050540
  - 0x000000007F002000 - 0x0000000000004DC0
InstallProtocolInterface: 18A031AB-B443-4D1A-A5C0-0C09261E9F71 7F006C60
InstallProtocolInterface: 107A772C-D5E1-11D4-9A46-0090273FC14D 7F006C40
InstallProtocolInterface: 6A7A5CFF-E8D9-4F70-BADA-75AB3025CE14 7F006C20
Loading driver 11D92DFB-3CA9-4F93-BA2E-4780ED3E03B5
InstallProtocolInterface: 5B1B31A1-9562-11D2-8E3F-00A0C969723B 7F0480C0
Loading driver at 0x0007EDFC000 EntryPoint=0x0007EDFE51A VirtioBlkDxe.efi
InstallProtocolInterface: BC62157E-3E33-4FEC-9920-2D3B36D750DF 7F048A18
ProtectUefiImageCommon - 0x7F0480C0
  - 0x000000007EDFC000 - 0x0000000000003780
InstallProtocolInterface: 18A031AB-B443-4D1A-A5C0-0C09261E9F71 7EDFF640
InstallProtocolInterface: 107A772C-D5E1-11D4-9A46-0090273FC14D 7EDFF620
InstallProtocolInterface: 6A7A5CFF-E8D9-4F70-BADA-75AB3025CE14 7EDFF600
Loading driver FAB5D4F4-83C0-4AAF-8480-442D11DF6CEA
InstallProtocolInterface: 5B1B31A1-9562-11D2-8E3F-00A0C969723B 7F048440
Loading driver at 0x0007EDF8000 EntryPoint=0x0007EDFAA07 VirtioScsiDxe.efi
InstallProtocolInterface: BC62157E-3E33-4FEC-9920-2D3B36D750DF 7F047F98
ProtectUefiImageCommon - 0x7F048440
  - 0x000000007EDF8000 - 0x0000000000003C00
InstallProtocolInterface: 18A031AB-B443-4D1A-A5C0-0C09261E9F71 7EDFBAC0
InstallProtocolInterface: 107A772C-D5E1-11D4-9A46-0090273FC14D 7EDFBAA0
InstallProtocolInterface: 6A7A5CFF-E8D9-4F70-BADA-75AB3025CE14 7EDFBA80
Loading driver 58E26F0D-CBAC-4BBA-B70F-18221415665A
InstallProtocolInterface: 5B1B31A1-9562-11D2-8E3F-00A0C969723B 7F0477C0
Loading driver at 0x0007EDF4000 EntryPoint=0x0007EDF5FE3 VirtioRngDxe.efi
InstallProtocolInterface: BC62157E-3E33-4FEC-9920-2D3B36D750DF 7F047118
ProtectUefiImageCommon - 0x7F0477C0
  - 0x000000007EDF4000 - 0x0000000000003180
InstallProtocolInterface: 18A031AB-B443-4D1A-A5C0-0C09261E9F71 7EDF7020
InstallProtocolInterface: 107A772C-D5E1-11D4-9A46-0090273FC14D 7EDF7000
InstallProtocolInterface: 6A7A5CFF-E8D9-4F70-BADA-75AB3025CE14 7EDF6FE0
Loading driver 30346B14-1580-4781-879D-BA0C55AE9BB2
InstallProtocolInterface: 5B1B31A1-9562-11D2-8E3F-00A0C969723B 7F046040
Loading driver at 0x0007EDF0000 EntryPoint=0x0007EDF247F PvScsiDxe.efi
InstallProtocolInterface: BC62157E-3E33-4FEC-9920-2D3B36D750DF 7F047418
ProtectUefiImageCommon - 0x7F046040
  - 0x000000007EDF0000 - 0x0000000000003600
InstallProtocolInterface: 18A031AB-B443-4D1A-A5C0-0C09261E9F71 7EDF34C0
InstallProtocolInterface: 107A772C-D5E1-11D4-9A46-0090273FC14D 7EDF34A0
InstallProtocolInterface: 6A7A5CFF-E8D9-4F70-BADA-75AB3025CE14 7EDF3480
Loading driver 2B3DB5DD-B315-4961-8454-0AFF3C811B19
InstallProtocolInterface: 5B1B31A1-9562-11D2-8E3F-00A0C969723B 7F0469C0
Loading driver at 0x0007EDEC000 EntryPoint=0x0007EDEE394 MptScsiDxe.efi
InstallProtocolInterface: BC62157E-3E33-4FEC-9920-2D3B36D750DF 7F046798
ProtectUefiImageCommon - 0x7F0469C0
  - 0x000000007EDEC000 - 0x00000000000035C0
InstallProtocolInterface: 18A031AB-B443-4D1A-A5C0-0C09261E9F71 7EDEF480
InstallProtocolInterface: 107A772C-D5E1-11D4-9A46-0090273FC14D 7EDEF460
InstallProtocolInterface: 6A7A5CFF-E8D9-4F70-BADA-75AB3025CE14 7EDEF440
Loading driver 51CCF399-4FDF-4E55-A45B-E123F84D456A
InstallProtocolInterface: 5B1B31A1-9562-11D2-8E3F-00A0C969723B 7F045040
Loading driver at 0x0007EDC3000 EntryPoint=0x0007EDC5A02 ConPlatformDxe.efi
InstallProtocolInterface: BC62157E-3E33-4FEC-9920-2D3B36D750DF 7F045D18
ProtectUefiImageCommon - 0x7F045040
  - 0x000000007EDC3000 - 0x00000000000041C0
InstallProtocolInterface: 18A031AB-B443-4D1A-A5C0-0C09261E9F71 7EDC6F60
InstallProtocolInterface: 107A772C-D5E1-11D4-9A46-0090273FC14D 7EDC6FD0
InstallProtocolInterface: 6A7A5CFF-E8D9-4F70-BADA-75AB3025CE14 7EDC6FB0
InstallProtocolInterface: 18A031AB-B443-4D1A-A5C0-0C09261E9F71 7EDC6F20
InstallProtocolInterface: 107A772C-D5E1-11D4-9A46-0090273FC14D 7EDC6FD0
InstallProtocolInterface: 6A7A5CFF-E8D9-4F70-BADA-75AB3025CE14 7EDC6FB0
Loading driver 408EDCEC-CF6D-477C-A5A8-B4844E3DE281
InstallProtocolInterface: 5B1B31A1-9562-11D2-8E3F-00A0C969723B 7F0454C0
Loading driver at 0x0007EDB3000 EntryPoint=0x0007EDB82DB ConSplitterDxe.efi
InstallProtocolInterface: BC62157E-3E33-4FEC-9920-2D3B36D750DF 7F045718
ProtectUefiImageCommon - 0x7F0454C0
  - 0x000000007EDB3000 - 0x0000000000007600
InstallProtocolInterface: 18A031AB-B443-4D1A-A5C0-0C09261E9F71 7EDBA2A0
InstallProtocolInterface: 107A772C-D5E1-11D4-9A46-0090273FC14D 7EDBA270
InstallProtocolInterface: 6A7A5CFF-E8D9-4F70-BADA-75AB3025CE14 7EDBA250
InstallProtocolInterface: 18A031AB-B443-4D1A-A5C0-0C09261E9F71 7EDBA220
InstallProtocolInterface: 107A772C-D5E1-11D4-9A46-0090273FC14D 7EDBA1F0
InstallProtocolInterface: 6A7A5CFF-E8D9-4F70-BADA-75AB3025CE14 7EDBA1D0
InstallProtocolInterface: 18A031AB-B443-4D1A-A5C0-0C09261E9F71 7EDBA1A0
InstallProtocolInterface: 107A772C-D5E1-11D4-9A46-0090273FC14D 7EDBA170
InstallProtocolInterface: 6A7A5CFF-E8D9-4F70-BADA-75AB3025CE14 7EDBA150
InstallProtocolInterface: 18A031AB-B443-4D1A-A5C0-0C09261E9F71 7EDBA120
InstallProtocolInterface: 107A772C-D5E1-11D4-9A46-0090273FC14D 7EDBA0F0
InstallProtocolInterface: 6A7A5CFF-E8D9-4F70-BADA-75AB3025CE14 7EDBA0D0
InstallProtocolInterface: 18A031AB-B443-4D1A-A5C0-0C09261E9F71 7EDBA0A0
InstallProtocolInterface: 107A772C-D5E1-11D4-9A46-0090273FC14D 7EDBA070
InstallProtocolInterface: 6A7A5CFF-E8D9-4F70-BADA-75AB3025CE14 7EDBA050
InstallProtocolInterface: 387477C1-69C7-11D2-8E39-00A0C969723B 7EDB9ED0
InstallProtocolInterface: DD9E7534-7762-4698-8C14-F58517A625AA 7EDB9F00
InstallProtocolInterface: 31878C87-0B75-11D5-9A4F-0090273FC14D 7EDB9F70
InstallProtocolInterface: 8D59D32B-C655-4AE9-9B15-F25904992A43 7EDB9FC8
InstallProtocolInterface: 387477C2-69C7-11D2-8E39-00A0C969723B 7EDBA310
InstallProtocolInterface: 387477C2-69C7-11D2-8E39-00A0C969723B 7EDB9D70
Loading driver CCCB0C28-4B24-11D5-9A5A-0090273FC14D
InstallProtocolInterface: 5B1B31A1-9562-11D2-8E3F-00A0C969723B 7F02E0C0
Loading driver at 0x0007EDAC000 EntryPoint=0x0007EDAF310 GraphicsConsoleDxe.efi
InstallProtocolInterface: BC62157E-3E33-4FEC-9920-2D3B36D750DF 7F02EA98
ProtectUefiImageCommon - 0x7F02E0C0
  - 0x000000007EDAC000 - 0x0000000000006080
InstallProtocolInterface: 18A031AB-B443-4D1A-A5C0-0C09261E9F71 7EDB1E80
InstallProtocolInterface: 107A772C-D5E1-11D4-9A46-0090273FC14D 7EDB1E60
InstallProtocolInterface: 6A7A5CFF-E8D9-4F70-BADA-75AB3025CE14 7EDB1E40
Loading driver 9E863906-A40F-4875-977F-5B93FF237FC6
InstallProtocolInterface: 5B1B31A1-9562-11D2-8E3F-00A0C969723B 7F02D040
Loading driver at 0x0007ED9A000 EntryPoint=0x0007ED9FF16 TerminalDxe.efi
InstallProtocolInterface: BC62157E-3E33-4FEC-9920-2D3B36D750DF 7F02DE18
ProtectUefiImageCommon - 0x7F02D040
  - 0x000000007ED9A000 - 0x00000000000080C0
InstallProtocolInterface: 18A031AB-B443-4D1A-A5C0-0C09261E9F71 7EDA1EE0
InstallProtocolInterface: 107A772C-D5E1-11D4-9A46-0090273FC14D 7EDA1EB0
InstallProtocolInterface: 6A7A5CFF-E8D9-4F70-BADA-75AB3025CE14 7EDA1E90
Loading driver 806040CA-DAD9-4978-A3B4-2D2AB0C8A48F
InstallProtocolInterface: 5B1B31A1-9562-11D2-8E3F-00A0C969723B 7F02D440
Loading driver at 0x0007EDBE000 EntryPoint=0x0007EDC06F8 QemuKernelLoaderFsDxe.efi
InstallProtocolInterface: BC62157E-3E33-4FEC-9920-2D3B36D750DF 7F02D798
ProtectUefiImageCommon - 0x7F02D440
  - 0x000000007EDBE000 - 0x0000000000004880
Select Item: 0x0
FW CFG Signature: 0x554D4551
Select Item: 0x1
FW CFG Revision: 0x3
QemuFwCfg interface (DMA) is supported.
Select Item: 0x17
Select Item: 0x8
Select Item: 0xB
Select Item: 0x14
Error: Image at 0007EDBE000 start failed: Not Found
Loading driver 6B38F7B4-AD98-40E9-9093-ACA2B5A253C4
InstallProtocolInterface: 5B1B31A1-9562-11D2-8E3F-00A0C969723B 7F02D440
Loading driver at 0x0007EDBE000 EntryPoint=0x0007EDC133F DiskIoDxe.efi
InstallProtocolInterface: BC62157E-3E33-4FEC-9920-2D3B36D750DF 7F02D718
ProtectUefiImageCommon - 0x7F02D440
  - 0x000000007EDBE000 - 0x0000000000004BC0
InstallProtocolInterface: 18A031AB-B443-4D1A-A5C0-0C09261E9F71 7EDC2A40
InstallProtocolInterface: 107A772C-D5E1-11D4-9A46-0090273FC14D 7EDC2A10
InstallProtocolInterface: 6A7A5CFF-E8D9-4F70-BADA-75AB3025CE14 7EDC29F0
Loading driver 1FA1F39E-FEFF-4AAE-BD7B-38A070A3B609
InstallProtocolInterface: 5B1B31A1-9562-11D2-8E3F-00A0C969723B 7F00BCC0
Loading driver at 0x0007ED93000 EntryPoint=0x0007ED97DAC PartitionDxe.efi
InstallProtocolInterface: BC62157E-3E33-4FEC-9920-2D3B36D750DF 7F00B118
ProtectUefiImageCommon - 0x7F00BCC0
  - 0x000000007ED93000 - 0x00000000000067C0
InstallProtocolInterface: 18A031AB-B443-4D1A-A5C0-0C09261E9F71 7ED99660
InstallProtocolInterface: 107A772C-D5E1-11D4-9A46-0090273FC14D 7ED99640
InstallProtocolInterface: 6A7A5CFF-E8D9-4F70-BADA-75AB3025CE14 7ED99620
Loading driver CD3BAFB6-50FB-4FE8-8E4E-AB74D2C1A600
InstallProtocolInterface: 5B1B31A1-9562-11D2-8E3F-00A0C969723B 7F00B340
Loading driver at 0x0007EDBB000 EntryPoint=0x0007EDBC485 EnglishDxe.efi
InstallProtocolInterface: BC62157E-3E33-4FEC-9920-2D3B36D750DF 7F00B718
ProtectUefiImageCommon - 0x7F00B340
  - 0x000000007EDBB000 - 0x0000000000002380
InstallProtocolInterface: 1D85CD7F-F43D-11D2-9A0C-0090273FC14D 7EDBCEE0
InstallProtocolInterface: A4C751FC-23AE-4C3E-92E9-4964CF63F349 7EDBCE80
Loading driver 0167CCC4-D0F7-4F21-A3EF-9E64B7CDCE8B
InstallProtocolInterface: 5B1B31A1-9562-11D2-8E3F-00A0C969723B 7F00A1C0
Loading driver at 0x0007ED8E000 EntryPoint=0x0007ED90DE9 ScsiBus.efi
InstallProtocolInterface: BC62157E-3E33-4FEC-9920-2D3B36D750DF 7F00AB98
ProtectUefiImageCommon - 0x7F00A1C0
  - 0x000000007ED8E000 - 0x00000000000041C0
InstallProtocolInterface: 18A031AB-B443-4D1A-A5C0-0C09261E9F71 7ED92020
InstallProtocolInterface: 107A772C-D5E1-11D4-9A46-0090273FC14D 7ED92000
InstallProtocolInterface: 6A7A5CFF-E8D9-4F70-BADA-75AB3025CE14 7ED91FE0
Loading driver 0A66E322-3740-4CCE-AD62-BD172CECCA35
InstallProtocolInterface: 5B1B31A1-9562-11D2-8E3F-00A0C969723B 7F00A5C0
Loading driver at 0x0007ED7A000 EntryPoint=0x0007ED8235A ScsiDisk.efi
InstallProtocolInterface: BC62157E-3E33-4FEC-9920-2D3B36D750DF 7F009018
ProtectUefiImageCommon - 0x7F00A5C0
  - 0x000000007ED7A000 - 0x0000000000009D40
InstallProtocolInterface: 18A031AB-B443-4D1A-A5C0-0C09261E9F71 7ED83BE0
InstallProtocolInterface: 107A772C-D5E1-11D4-9A46-0090273FC14D 7ED83BB0
InstallProtocolInterface: 6A7A5CFF-E8D9-4F70-BADA-75AB3025CE14 7ED83B90
Loading driver 021722D8-522B-4079-852A-FE44C2C13F49
InstallProtocolInterface: 5B1B31A1-9562-11D2-8E3F-00A0C969723B 7F009140
Loading driver at 0x0007EDA4000 EntryPoint=0x0007EDA6143 SataController.efi
InstallProtocolInterface: BC62157E-3E33-4FEC-9920-2D3B36D750DF 7F009B18
ProtectUefiImageCommon - 0x7F009140
  - 0x000000007EDA4000 - 0x00000000000034C0
InstallProtocolInterface: 18A031AB-B443-4D1A-A5C0-0C09261E9F71 7EDA7360
InstallProtocolInterface: 107A772C-D5E1-11D4-9A46-0090273FC14D 7EDA7340
InstallProtocolInterface: 6A7A5CFF-E8D9-4F70-BADA-75AB3025CE14 7EDA7320
Loading driver 5E523CB4-D397-4986-87BD-A6DD8B22F455
InstallProtocolInterface: 5B1B31A1-9562-11D2-8E3F-00A0C969723B 7F009540
Loading driver at 0x0007ED62000 EntryPoint=0x0007ED6AE86 AtaAtapiPassThruDxe.efi
InstallProtocolInterface: BC62157E-3E33-4FEC-9920-2D3B36D750DF 7F008F98
ProtectUefiImageCommon - 0x7F009540
  - 0x000000007ED62000 - 0x000000000000BAC0
InstallProtocolInterface: 18A031AB-B443-4D1A-A5C0-0C09261E9F71 7ED6D8A0
InstallProtocolInterface: 107A772C-D5E1-11D4-9A46-0090273FC14D 7ED6D870
InstallProtocolInterface: 6A7A5CFF-E8D9-4F70-BADA-75AB3025CE14 7ED6D850
Loading driver 19DF145A-B1D4-453F-8507-38816676D7F6
InstallProtocolInterface: 5B1B31A1-9562-11D2-8E3F-00A0C969723B 7F008140
Loading driver at 0x0007ED73000 EntryPoint=0x0007ED77937 AtaBusDxe.efi
InstallProtocolInterface: BC62157E-3E33-4FEC-9920-2D3B36D750DF 7F008398
ProtectUefiImageCommon - 0x7F008140
  - 0x000000007ED73000 - 0x0000000000006B80
InstallProtocolInterface: 18A031AB-B443-4D1A-A5C0-0C09261E9F71 7ED799E0
InstallProtocolInterface: 107A772C-D5E1-11D4-9A46-0090273FC14D 7ED799B0
InstallProtocolInterface: 6A7A5CFF-E8D9-4F70-BADA-75AB3025CE14 7ED79990
Loading driver 5BE3BDF4-53CF-46A3-A6A9-73C34A6E5EE3
InstallProtocolInterface: 5B1B31A1-9562-11D2-8E3F-00A0C969723B 7F007040
Loading driver at 0x0007ED4C000 EntryPoint=0x0007ED539F0 NvmExpressDxe.efi
InstallProtocolInterface: BC62157E-3E33-4FEC-9920-2D3B36D750DF 7F008598
ProtectUefiImageCommon - 0x7F007040
  - 0x000000007ED4C000 - 0x000000000000A0C0
InstallProtocolInterface: 18A031AB-B443-4D1A-A5C0-0C09261E9F71 7ED55F20
InstallProtocolInterface: 107A772C-D5E1-11D4-9A46-0090273FC14D 7ED55F00
InstallProtocolInterface: 6A7A5CFF-E8D9-4F70-BADA-75AB3025CE14 7ED55EE0
InstallProtocolInterface: 5C198761-16A8-4E69-972C-89D67954F81D 7ED55ED0
Loading driver 864E1CA8-85EB-4D63-9DCC-6E0FC90FFD55
InstallProtocolInterface: 5B1B31A1-9562-11D2-8E3F-00A0C969723B 7F007340
Loading driver at 0x0007ED8A000 EntryPoint=0x0007ED8C0CC SioBusDxe.efi
InstallProtocolInterface: BC62157E-3E33-4FEC-9920-2D3B36D750DF 7F007B18
ProtectUefiImageCommon - 0x7F007340
  - 0x000000007ED8A000 - 0x0000000000003440
InstallProtocolInterface: 18A031AB-B443-4D1A-A5C0-0C09261E9F71 7ED8D2A0
InstallProtocolInterface: 107A772C-D5E1-11D4-9A46-0090273FC14D 7ED8D280
InstallProtocolInterface: 6A7A5CFF-E8D9-4F70-BADA-75AB3025CE14 7ED8D260
Loading driver E2775B47-D453-4EE3-ADA7-391A1B05AC17
InstallProtocolInterface: 5B1B31A1-9562-11D2-8E3F-00A0C969723B 7EDAB040
Loading driver at 0x0007ED45000 EntryPoint=0x0007ED49CF2 PciSioSerialDxe.efi
InstallProtocolInterface: BC62157E-3E33-4FEC-9920-2D3B36D750DF 7EDABE18
ProtectUefiImageCommon - 0x7EDAB040
  - 0x000000007ED45000 - 0x0000000000006740
InstallProtocolInterface: 18A031AB-B443-4D1A-A5C0-0C09261E9F71 7ED4B580
InstallProtocolInterface: 107A772C-D5E1-11D4-9A46-0090273FC14D 7ED4B560
InstallProtocolInterface: 6A7A5CFF-E8D9-4F70-BADA-75AB3025CE14 7ED4B540
Loading driver C4D1F932-821F-4744-BF06-6D30F7730F8D
InstallProtocolInterface: 5B1B31A1-9562-11D2-8E3F-00A0C969723B 7EDAB440
Loading driver at 0x0007ED3E000 EntryPoint=0x0007ED42167 Ps2KeyboardDxe.efi
InstallProtocolInterface: BC62157E-3E33-4FEC-9920-2D3B36D750DF 7EDAB398
ProtectUefiImageCommon - 0x7EDAB440
  - 0x000000007ED3E000 - 0x0000000000006080
InstallProtocolInterface: 18A031AB-B443-4D1A-A5C0-0C09261E9F71 7ED43EC0
InstallProtocolInterface: 107A772C-D5E1-11D4-9A46-0090273FC14D 7ED43E90
InstallProtocolInterface: 6A7A5CFF-E8D9-4F70-BADA-75AB3025CE14 7ED43E70
Loading driver B8E62775-BB0A-43F0-A843-5BE8B14F8CCD
InstallProtocolInterface: 5B1B31A1-9562-11D2-8E3F-00A0C969723B 7EDAAB40
Loading driver at 0x0007ED84000 EntryPoint=0x0007ED858A7 BootGraphicsResourceTableDxe.efi
InstallProtocolInterface: BC62157E-3E33-4FEC-9920-2D3B36D750DF 7EDAAA98
ProtectUefiImageCommon - 0x7EDAAB40
  - 0x000000007ED84000 - 0x0000000000002B80
InstallProtocolInterface: CDEA2BD3-FC25-4C1C-B97C-B31186064990 7ED86950
InstallProtocolInterface: 4B5DC1DF-1EAA-48B2-A7E9-EAC489A00B5C 7ED86930
Loading driver 961578FE-B6B7-44C3-AF35-6BC705CD2B1F
InstallProtocolInterface: 5B1B31A1-9562-11D2-8E3F-00A0C969723B 7EDAA440
Loading driver at 0x0007ED33000 EntryPoint=0x0007ED3B095 Fat.efi
InstallProtocolInterface: BC62157E-3E33-4FEC-9920-2D3B36D750DF 7EDAAD98
ProtectUefiImageCommon - 0x7EDAA440
  - 0x000000007ED33000 - 0x000000000000A1C0
InstallProtocolInterface: 18A031AB-B443-4D1A-A5C0-0C09261E9F71 7ED3D000
InstallProtocolInterface: 107A772C-D5E1-11D4-9A46-0090273FC14D 7ED3CFD0
InstallProtocolInterface: 6A7A5CFF-E8D9-4F70-BADA-75AB3025CE14 7ED3CFB0
Loading driver 905F13B0-8F91-4B0A-BD76-E1E78F9422E4
InstallProtocolInterface: 5B1B31A1-9562-11D2-8E3F-00A0C969723B 7EDA90C0
Loading driver at 0x0007ED2C000 EntryPoint=0x0007ED30CD8 UdfDxe.efi
InstallProtocolInterface: BC62157E-3E33-4FEC-9920-2D3B36D750DF 7EDA9918
ProtectUefiImageCommon - 0x7EDA90C0
  - 0x000000007ED2C000 - 0x00000000000064C0
InstallProtocolInterface: 18A031AB-B443-4D1A-A5C0-0C09261E9F71 7ED32380
InstallProtocolInterface: 107A772C-D5E1-11D4-9A46-0090273FC14D 7ED32350
InstallProtocolInterface: 6A7A5CFF-E8D9-4F70-BADA-75AB3025CE14 7ED32330
Loading driver 7BD9DDF7-8B83-488E-AEC9-24C78610289C
InstallProtocolInterface: 5B1B31A1-9562-11D2-8E3F-00A0C969723B 7EDA93C0
Loading driver at 0x0007ED22000 EntryPoint=0x0007ED29403 VirtioFsDxe.efi
InstallProtocolInterface: BC62157E-3E33-4FEC-9920-2D3B36D750DF 7EDA9718
ProtectUefiImageCommon - 0x7EDA93C0
  - 0x000000007ED22000 - 0x0000000000009680
InstallProtocolInterface: 18A031AB-B443-4D1A-A5C0-0C09261E9F71 7ED2B580
InstallProtocolInterface: 6A7A5CFF-E8D9-4F70-BADA-75AB3025CE14 7ED2B550
Loading driver A2F436EA-A127-4EF8-957C-8048606FF670
InstallProtocolInterface: 5B1B31A1-9562-11D2-8E3F-00A0C969723B 7EDA80C0
Loading driver at 0x0007ED1A000 EntryPoint=0x0007ED1F4E6 SnpDxe.efi
InstallProtocolInterface: BC62157E-3E33-4FEC-9920-2D3B36D750DF 7EDA8918
ProtectUefiImageCommon - 0x7EDA80C0
  - 0x000000007ED1A000 - 0x00000000000075C0
InstallProtocolInterface: 18A031AB-B443-4D1A-A5C0-0C09261E9F71 7ED21440
InstallProtocolInterface: 107A772C-D5E1-11D4-9A46-0090273FC14D 7ED21410
InstallProtocolInterface: 6A7A5CFF-E8D9-4F70-BADA-75AB3025CE14 7ED213F0
Loading driver E4F61863-FE2C-4B56-A8F4-08519BC439DF
InstallProtocolInterface: 5B1B31A1-9562-11D2-8E3F-00A0C969723B 7EDA8540
Loading driver at 0x0007ED13000 EntryPoint=0x0007ED1791F VlanConfigDxe.efi
InstallProtocolInterface: BC62157E-3E33-4FEC-9920-2D3B36D750DF 7EDA3018
ProtectUefiImageCommon - 0x7EDA8540
  - 0x000000007ED13000 - 0x0000000000006F00
InstallProtocolInterface: 18A031AB-B443-4D1A-A5C0-0C09261E9F71 7ED19D20
InstallProtocolInterface: 107A772C-D5E1-11D4-9A46-0090273FC14D 7ED19CF0
InstallProtocolInterface: 6A7A5CFF-E8D9-4F70-BADA-75AB3025CE14 7ED19CD0
Loading driver 025BBFC7-E6A9-4B8B-82AD-6815A1AEAF4A
InstallProtocolInterface: 5B1B31A1-9562-11D2-8E3F-00A0C969723B 7EDA30C0
Loading driver at 0x0007ED08000 EntryPoint=0x0007ED0FDF7 MnpDxe.efi
InstallProtocolInterface: BC62157E-3E33-4FEC-9920-2D3B36D750DF 7EDA3918
ProtectUefiImageCommon - 0x7EDA30C0
  - 0x000000007ED08000 - 0x000000000000AAC0
InstallProtocolInterface: 18A031AB-B443-4D1A-A5C0-0C09261E9F71 7ED12920
InstallProtocolInterface: 107A772C-D5E1-11D4-9A46-0090273FC14D 7ED12900
InstallProtocolInterface: 6A7A5CFF-E8D9-4F70-BADA-75AB3025CE14 7ED128E0
Loading driver 529D3F93-E8E9-4E73-B1E1-BDF6A9D50113
InstallProtocolInterface: 5B1B31A1-9562-11D2-8E3F-00A0C969723B 7EDA3540
Loading driver at 0x0007ED01000 EntryPoint=0x0007ED0546C ArpDxe.efi
InstallProtocolInterface: BC62157E-3E33-4FEC-9920-2D3B36D750DF 7ED89E98
ProtectUefiImageCommon - 0x7EDA3540
  - 0x000000007ED01000 - 0x0000000000006040
InstallProtocolInterface: 18A031AB-B443-4D1A-A5C0-0C09261E9F71 7ED06EE0
InstallProtocolInterface: 107A772C-D5E1-11D4-9A46-0090273FC14D 7ED06EB0
InstallProtocolInterface: 6A7A5CFF-E8D9-4F70-BADA-75AB3025CE14 7ED06E90
Loading driver 94734718-0BBC-47FB-96A5-EE7A5AE6A2AD
InstallProtocolInterface: 5B1B31A1-9562-11D2-8E3F-00A0C969723B 7ED897C0
Loading driver at 0x0007ECF6000 EntryPoint=0x0007ECFDB91 Dhcp4Dxe.efi
InstallProtocolInterface: BC62157E-3E33-4FEC-9920-2D3B36D750DF 7ED89698
ProtectUefiImageCommon - 0x7ED897C0
  - 0x000000007ECF6000 - 0x000000000000A940
InstallProtocolInterface: 18A031AB-B443-4D1A-A5C0-0C09261E9F71 7ED00720
InstallProtocolInterface: 107A772C-D5E1-11D4-9A46-0090273FC14D 7ED006F0
InstallProtocolInterface: 6A7A5CFF-E8D9-4F70-BADA-75AB3025CE14 7ED006D0
Loading driver 9FB1A1F3-3B71-4324-B39A-745CBB015FFF
InstallProtocolInterface: 5B1B31A1-9562-11D2-8E3F-00A0C969723B 7ED88040
Loading driver at 0x0007ECCE000 EntryPoint=0x0007ECD0BCA Ip4Dxe.efi
InstallProtocolInterface: BC62157E-3E33-4FEC-9920-2D3B36D750DF 7ED88F18
ProtectUefiImageCommon - 0x7ED88040
  - 0x000000007ECCE000 - 0x0000000000013AC0
InstallProtocolInterface: 18A031AB-B443-4D1A-A5C0-0C09261E9F71 7ECE1760
InstallProtocolInterface: 107A772C-D5E1-11D4-9A46-0090273FC14D 7ECE1740
InstallProtocolInterface: 6A7A5CFF-E8D9-4F70-BADA-75AB3025CE14 7ECE1720
Loading driver 6D6963AB-906D-4A65-A7CA-BD40E5D6AF2B
InstallProtocolInterface: 5B1B31A1-9562-11D2-8E3F-00A0C969723B 7ED883C0
Loading driver at 0x0007ECED000 EntryPoint=0x0007ECF3BA8 Udp4Dxe.efi
InstallProtocolInterface: BC62157E-3E33-4FEC-9920-2D3B36D750DF 7ED88998
ProtectUefiImageCommon - 0x7ED883C0
  - 0x000000007ECED000 - 0x0000000000008E00
InstallProtocolInterface: 18A031AB-B443-4D1A-A5C0-0C09261E9F71 7ECF5C60
InstallProtocolInterface: 107A772C-D5E1-11D4-9A46-0090273FC14D 7ECF5C40
InstallProtocolInterface: 6A7A5CFF-E8D9-4F70-BADA-75AB3025CE14 7ECF5C20
Loading driver DC3641B8-2FA8-4ED3-BC1F-F9962A03454B
InstallProtocolInterface: 5B1B31A1-9562-11D2-8E3F-00A0C969723B 7ED87B40
Loading driver at 0x0007ECE3000 EntryPoint=0x0007ECEA2F1 Mtftp4Dxe.efi
InstallProtocolInterface: BC62157E-3E33-4FEC-9920-2D3B36D750DF 7ED87A98
ProtectUefiImageCommon - 0x7ED87B40
  - 0x000000007ECE3000 - 0x0000000000009480
InstallProtocolInterface: 18A031AB-B443-4D1A-A5C0-0C09261E9F71 7ECEC2E0
InstallProtocolInterface: 107A772C-D5E1-11D4-9A46-0090273FC14D 7ECEC2C0
InstallProtocolInterface: 6A7A5CFF-E8D9-4F70-BADA-75AB3025CE14 7ECEC2A0
Loading driver 1A7E4468-2F55-4A56-903C-01265EB7622B
InstallProtocolInterface: 5B1B31A1-9562-11D2-8E3F-00A0C969723B 7ED872C0
Loading driver at 0x0007ECA8000 EntryPoint=0x0007ECAB253 TcpDxe.efi
InstallProtocolInterface: BC62157E-3E33-4FEC-9920-2D3B36D750DF 7ED72F18
ProtectUefiImageCommon - 0x7ED872C0
  - 0x000000007ECA8000 - 0x00000000000126C0
InstallProtocolInterface: 18A031AB-B443-4D1A-A5C0-0C09261E9F71 7ECBA220
InstallProtocolInterface: 107A772C-D5E1-11D4-9A46-0090273FC14D 7ECBA2D0
InstallProtocolInterface: 6A7A5CFF-E8D9-4F70-BADA-75AB3025CE14 7ECBA2B0
InstallProtocolInterface: 18A031AB-B443-4D1A-A5C0-0C09261E9F71 7ECBA1E0
InstallProtocolInterface: 107A772C-D5E1-11D4-9A46-0090273FC14D 7ECBA2D0
InstallProtocolInterface: 6A7A5CFF-E8D9-4F70-BADA-75AB3025CE14 7ECBA2B0
Loading driver B95E9FDA-26DE-48D2-8807-1F9107AC5E3A
InstallProtocolInterface: 5B1B31A1-9562-11D2-8E3F-00A0C969723B 7ED72240
Loading driver at 0x0007EC95000 EntryPoint=0x0007EC9B72D UefiPxeBcDxe.efi
InstallProtocolInterface: BC62157E-3E33-4FEC-9920-2D3B36D750DF 7ED72918
ProtectUefiImageCommon - 0x7ED72240
  - 0x000000007EC95000 - 0x0000000000012100
Select Item: 0x0
FW CFG Signature: 0x554D4551
Select Item: 0x1
FW CFG Revision: 0x3
QemuFwCfg interface (DMA) is supported.
Select Item: 0x19
Select Item: 0x19
InstallProtocolInterface: 18A031AB-B443-4D1A-A5C0-0C09261E9F71 7ECA6BE0
InstallProtocolInterface: 107A772C-D5E1-11D4-9A46-0090273FC14D 7ECA6C80
InstallProtocolInterface: 6A7A5CFF-E8D9-4F70-BADA-75AB3025CE14 7ECA6C60
InstallProtocolInterface: 18A031AB-B443-4D1A-A5C0-0C09261E9F71 7ECA6BA0
InstallProtocolInterface: 107A772C-D5E1-11D4-9A46-0090273FC14D 7ECA6C80
InstallProtocolInterface: 6A7A5CFF-E8D9-4F70-BADA-75AB3025CE14 7ECA6C60
Loading driver 86CDDF93-4872-4597-8AF9-A35AE4D3725F
InstallProtocolInterface: 5B1B31A1-9562-11D2-8E3F-00A0C969723B 7ED71040
Loading driver at 0x0007EC57000 EntryPoint=0x0007EC5F285 IScsiDxe.efi
InstallProtocolInterface: BC62157E-3E33-4FEC-9920-2D3B36D750DF 7ED71298
ProtectUefiImageCommon - 0x7ED71040
  - 0x000000007EC57000 - 0x000000000001EC80
InstallProtocolInterface: 18A031AB-B443-4D1A-A5C0-0C09261E9F71 7EC75780
InstallProtocolInterface: 107A772C-D5E1-11D4-9A46-0090273FC14D 7EC757E0
InstallProtocolInterface: 6A7A5CFF-E8D9-4F70-BADA-75AB3025CE14 7EC757C0
InstallProtocolInterface: 18A031AB-B443-4D1A-A5C0-0C09261E9F71 7EC75740
InstallProtocolInterface: 107A772C-D5E1-11D4-9A46-0090273FC14D 7EC757E0
InstallProtocolInterface: 6A7A5CFF-E8D9-4F70-BADA-75AB3025CE14 7EC757C0
InstallProtocolInterface: 59324945-EC44-4C0D-B1CD-9DB139DF070C 7EC75730
InstallProtocolInterface: 09576E91-6D3F-11D2-8E39-00A0C969723B 7EC75840
InstallProtocolInterface: 330D4706-F2A0-4E4F-A369-B66FA8D54385 7ED70028
InstallProtocolInterface: 7671D9D0-53DB-4173-AA69-2327F21F0BC7 7EC75710
Loading driver A92CDB4B-82F1-4E0B-A516-8A655D371524
InstallProtocolInterface: 5B1B31A1-9562-11D2-8E3F-00A0C969723B 7ED702C0
Loading driver at 0x0007ECC4000 EntryPoint=0x0007ECC7EF6 VirtioNetDxe.efi
InstallProtocolInterface: BC62157E-3E33-4FEC-9920-2D3B36D750DF 7ED70798
ProtectUefiImageCommon - 0x7ED702C0
  - 0x000000007ECC4000 - 0x0000000000005780
InstallProtocolInterface: 18A031AB-B443-4D1A-A5C0-0C09261E9F71 7ECC9640
InstallProtocolInterface: 107A772C-D5E1-11D4-9A46-0090273FC14D 7ECC9610
InstallProtocolInterface: 6A7A5CFF-E8D9-4F70-BADA-75AB3025CE14 7ECC95F0
Loading driver 2FB92EFA-2EE0-4BAE-9EB6-7464125E1EF7
InstallProtocolInterface: 5B1B31A1-9562-11D2-8E3F-00A0C969723B 7ED5FD40
Loading driver at 0x0007EC8D000 EntryPoint=0x0007EC9270C UhciDxe.efi
InstallProtocolInterface: BC62157E-3E33-4FEC-9920-2D3B36D750DF 7ED5F598
ProtectUefiImageCommon - 0x7ED5FD40
  - 0x000000007EC8D000 - 0x0000000000007300
InstallProtocolInterface: 18A031AB-B443-4D1A-A5C0-0C09261E9F71 7EC94160
InstallProtocolInterface: 107A772C-D5E1-11D4-9A46-0090273FC14D 7EC94140
InstallProtocolInterface: 6A7A5CFF-E8D9-4F70-BADA-75AB3025CE14 7EC94120
Loading driver BDFE430E-8F2A-4DB0-9991-6F856594777E
InstallProtocolInterface: 5B1B31A1-9562-11D2-8E3F-00A0C969723B 7ED5F340
Loading driver at 0x0007EC84000 EntryPoint=0x0007EC8A7CD EhciDxe.efi
InstallProtocolInterface: BC62157E-3E33-4FEC-9920-2D3B36D750DF 7ED5F198
ProtectUefiImageCommon - 0x7ED5F340
  - 0x000000007EC84000 - 0x0000000000008C00
InstallProtocolInterface: 18A031AB-B443-4D1A-A5C0-0C09261E9F71 7EC8CA60
InstallProtocolInterface: 107A772C-D5E1-11D4-9A46-0090273FC14D 7EC8CA40
InstallProtocolInterface: 6A7A5CFF-E8D9-4F70-BADA-75AB3025CE14 7EC8CA20
Loading driver B7F50E91-A759-412C-ADE4-DCD03E7F7C28
InstallProtocolInterface: 5B1B31A1-9562-11D2-8E3F-00A0C969723B 7ED6F2C0
Loading driver at 0x0007EC49000 EntryPoint=0x0007EC53095 XhciDxe.efi
InstallProtocolInterface: BC62157E-3E33-4FEC-9920-2D3B36D750DF 7ED6FA98
ProtectUefiImageCommon - 0x7ED6F2C0
  - 0x000000007EC49000 - 0x000000000000D2C0
InstallProtocolInterface: 18A031AB-B443-4D1A-A5C0-0C09261E9F71 7EC560E0
InstallProtocolInterface: 107A772C-D5E1-11D4-9A46-0090273FC14D 7EC560C0
InstallProtocolInterface: 6A7A5CFF-E8D9-4F70-BADA-75AB3025CE14 7EC560A0
Loading driver 240612B7-A063-11D4-9A3A-0090273FC14D
InstallProtocolInterface: 5B1B31A1-9562-11D2-8E3F-00A0C969723B 7ED6F540
Loading driver at 0x0007EC3F000 EntryPoint=0x0007EC45C66 UsbBusDxe.efi
InstallProtocolInterface: BC62157E-3E33-4FEC-9920-2D3B36D750DF 7ED6EF98
ProtectUefiImageCommon - 0x7ED6F540
  - 0x000000007EC3F000 - 0x0000000000009800
InstallProtocolInterface: 18A031AB-B443-4D1A-A5C0-0C09261E9F71 7EC48640
InstallProtocolInterface: 107A772C-D5E1-11D4-9A46-0090273FC14D 7EC48610
InstallProtocolInterface: 6A7A5CFF-E8D9-4F70-BADA-75AB3025CE14 7EC485F0
Loading driver 2D2E62CF-9ECF-43B7-8219-94E7FC713DFE
InstallProtocolInterface: 5B1B31A1-9562-11D2-8E3F-00A0C969723B 7ED6EB40
Loading driver at 0x0007EC7D000 EntryPoint=0x0007EC8151B UsbKbDxe.efi
InstallProtocolInterface: BC62157E-3E33-4FEC-9920-2D3B36D750DF 7ED6E818
ProtectUefiImageCommon - 0x7ED6EB40
  - 0x000000007EC7D000 - 0x00000000000066C0
InstallProtocolInterface: 18A031AB-B443-4D1A-A5C0-0C09261E9F71 7EC834E0
InstallProtocolInterface: 107A772C-D5E1-11D4-9A46-0090273FC14D 7EC834B0
InstallProtocolInterface: 6A7A5CFF-E8D9-4F70-BADA-75AB3025CE14 7EC83490
Loading driver 9FB4B4A7-42C0-4BCD-8540-9BCC6711F83E
InstallProtocolInterface: 5B1B31A1-9562-11D2-8E3F-00A0C969723B 7ECE2040
Loading driver at 0x0007ECBE000 EntryPoint=0x0007ECC1F66 UsbMassStorageDxe.efi
InstallProtocolInterface: BC62157E-3E33-4FEC-9920-2D3B36D750DF 7ECE2C18
ProtectUefiImageCommon - 0x7ECE2040
  - 0x000000007ECBE000 - 0x0000000000005C40
InstallProtocolInterface: 18A031AB-B443-4D1A-A5C0-0C09261E9F71 7ECC3AE0
InstallProtocolInterface: 107A772C-D5E1-11D4-9A46-0090273FC14D 7ECC3AB0
InstallProtocolInterface: 6A7A5CFF-E8D9-4F70-BADA-75AB3025CE14 7ECC3A90
Loading driver E3752948-B9A1-4770-90C4-DF41C38986BE
InstallProtocolInterface: 5B1B31A1-9562-11D2-8E3F-00A0C969723B 7ECE2D40
Loading driver at 0x0007EC38000 EntryPoint=0x0007EC3C46A QemuVideoDxe.efi
InstallProtocolInterface: BC62157E-3E33-4FEC-9920-2D3B36D750DF 7ECE2B18
ProtectUefiImageCommon - 0x7ECE2D40
  - 0x000000007EC38000 - 0x0000000000006B80
InstallProtocolInterface: 18A031AB-B443-4D1A-A5C0-0C09261E9F71 7EC3EA20
InstallProtocolInterface: 107A772C-D5E1-11D4-9A46-0090273FC14D 7EC3E9F0
InstallProtocolInterface: 6A7A5CFF-E8D9-4F70-BADA-75AB3025CE14 7EC3E9D0
Loading driver D6099B94-CD97-4CC5-8714-7F6312701A8A
InstallProtocolInterface: 5B1B31A1-9562-11D2-8E3F-00A0C969723B 7ECE25C0
Loading driver at 0x0007EC32000 EntryPoint=0x0007EC360BB VirtioGpuDxe.efi
InstallProtocolInterface: BC62157E-3E33-4FEC-9920-2D3B36D750DF 7ED5EB98
ProtectUefiImageCommon - 0x7ECE25C0
  - 0x000000007EC32000 - 0x0000000000005C40
InstallProtocolInterface: 18A031AB-B443-4D1A-A5C0-0C09261E9F71 7EC37AE0
InstallProtocolInterface: 6A7A5CFF-E8D9-4F70-BADA-75AB3025CE14 7EC37AC0
[Bds] Entry...
[BdsDxe] Locate Variable Policy protocol - Success
Variable Driver Auto Update PlatformLang, PlatformLang:en, Lang:eng Status: Success
PlatformBootManagerBeforeConsole
Registered NotifyDevPath Event
PCI Bus First Scanning
PciBus: Discovered PCI @ [00|00|00]

PciBus: Discovered PCI @ [00|01|00]

PciBus: Discovered PCI @ [00|01|01]
   BAR[4]: Type =   Io32; Alignment = 0xF;	Length = 0x10;	Offset = 0x20

PciBus: Discovered PCI @ [00|01|03]

PciBus: Discovered PCI @ [00|02|00]
   BAR[0]: Type = PMem32; Alignment = 0xFFFFFF;	Length = 0x1000000;	Offset = 0x10
   BAR[2]: Type =  Mem32; Alignment = 0xFFF;	Length = 0x1000;	Offset = 0x18

PciBus: Discovered PCI @ [00|03|00]
   BAR[0]: Type =  Mem32; Alignment = 0x1FFFF;	Length = 0x20000;	Offset = 0x10
   BAR[1]: Type =   Io32; Alignment = 0x3F;	Length = 0x40;	Offset = 0x14

PCI Bus Second Scanning
PciBus: Discovered PCI @ [00|00|00]

PciBus: Discovered PCI @ [00|01|00]

PciBus: Discovered PCI @ [00|01|01]
   BAR[4]: Type =   Io32; Alignment = 0xF;	Length = 0x10;	Offset = 0x20

PciBus: Discovered PCI @ [00|01|03]

PciBus: Discovered PCI @ [00|02|00]
   BAR[0]: Type = PMem32; Alignment = 0xFFFFFF;	Length = 0x1000000;	Offset = 0x10
   BAR[2]: Type =  Mem32; Alignment = 0xFFF;	Length = 0x1000;	Offset = 0x18

PciBus: Discovered PCI @ [00|03|00]
   BAR[0]: Type =  Mem32; Alignment = 0x1FFFF;	Length = 0x20000;	Offset = 0x10
   BAR[1]: Type =   Io32; Alignment = 0x3F;	Length = 0x40;	Offset = 0x14

PciBus: Discovered PCI @ [00|00|00]

PciBus: Discovered PCI @ [00|01|00]

PciBus: Discovered PCI @ [00|01|01]
   BAR[4]: Type =   Io32; Alignment = 0xF;	Length = 0x10;	Offset = 0x20

PciBus: Discovered PCI @ [00|01|03]

PciBus: Discovered PCI @ [00|02|00]
   BAR[0]: Type = PMem32; Alignment = 0xFFFFFF;	Length = 0x1000000;	Offset = 0x10
   BAR[2]: Type =  Mem32; Alignment = 0xFFF;	Length = 0x1000;	Offset = 0x18

PciBus: Discovered PCI @ [00|03|00]
   BAR[0]: Type =  Mem32; Alignment = 0x1FFFF;	Length = 0x20000;	Offset = 0x10
   BAR[1]: Type =   Io32; Alignment = 0x3F;	Length = 0x40;	Offset = 0x14

PciHostBridge: SubmitResources for PciRoot(0x0)
 I/O: Granularity/SpecificFlag = 0 / 01
      Length/Alignment = 0x1000 / 0xFFF
 Mem: Granularity/SpecificFlag = 32 / 00
      Length/Alignment = 0x1100000 / 0xFFFFFF
PciBus: HostBridge->SubmitResources() - Success
PciHostBridge: NotifyPhase (AllocateResources)
 RootBridge: PciRoot(0x0)
  Mem: Base/Length/Alignment = 80000000/1100000/FFFFFF - Success
  I/O: Base/Length/Alignment = C000/1000/FFF - Success
PciBus: HostBridge->NotifyPhase(AllocateResources) - Success
Process Option ROM: BAR Base/Length = 81000000/80000
PciBus: Resource Map for Root Bridge PciRoot(0x0)
Type =   Io16; Base = 0xC000;	Length = 0x1000;	Alignment = 0xFFF
   Base = 0xC000;	Length = 0x40;	Alignment = 0x3F;	Owner = PCI [00|03|00:14]
   Base = 0xC040;	Length = 0x10;	Alignment = 0xF;	Owner = PCI [00|01|01:20]
Type =  Mem32; Base = 0x80000000;	Length = 0x1100000;	Alignment = 0xFFFFFF
   Base = 0x80000000;	Length = 0x1000000;	Alignment = 0xFFFFFF;	Owner = PCI [00|02|00:10]; Type = PMem32
   Base = 0x81000000;	Length = 0x80000;	Alignment = 0x7FFFF;	Owner = PCI [00|00|00:00]; Type =  OpRom
   Base = 0x81080000;	Length = 0x20000;	Alignment = 0x1FFFF;	Owner = PCI [00|03|00:10]
   Base = 0x810A0000;	Length = 0x1000;	Alignment = 0xFFF;	Owner = PCI [00|02|00:18]

InstallProtocolInterface: 09576E91-6D3F-11D2-8E39-00A0C969723B 7ED5DC98
InstallProtocolInterface: 4CF5B200-68B8-4CA5-9EEC-B23E3F50029A 7ED5D6A8
InstallProtocolInterface: 09576E91-6D3F-11D2-8E39-00A0C969723B 7ED5CE98
InstallProtocolInterface: 4CF5B200-68B8-4CA5-9EEC-B23E3F50029A 7ED5C028
InstallProtocolInterface: 09576E91-6D3F-11D2-8E39-00A0C969723B 7ED5CF18
InstallProtocolInterface: 4CF5B200-68B8-4CA5-9EEC-B23E3F50029A 7ED5C428
InstallProtocolInterface: 09576E91-6D3F-11D2-8E39-00A0C969723B 7ED5CF98
InstallProtocolInterface: 4CF5B200-68B8-4CA5-9EEC-B23E3F50029A 7ED5C828
InstallProtocolInterface: 09576E91-6D3F-11D2-8E39-00A0C969723B 7ED5BE98
InstallProtocolInterface: 4CF5B200-68B8-4CA5-9EEC-B23E3F50029A 7ED5B028
InstallProtocolInterface: 09576E91-6D3F-11D2-8E39-00A0C969723B 7ED5BF18
InstallProtocolInterface: 4CF5B200-68B8-4CA5-9EEC-B23E3F50029A 7ED5B428
InstallProtocolInterface: 4006C0C1-FCB3-403E-996D-4A6C8724E06D 7ED5B4F0
[Security] 3rd party image[0] is deferred to load before EndOfDxe: PciRoot(0x0)/Pci(0x3,0x0)/Offset(0x16400,0x4B1FF).
InstallProtocolInterface: 3BC1B285-8A15-4A82-AABF-4D7D13FB3265 7ED5B4D8
InstallProtocolInterface: 30CFE3E7-3DE1-4586-BE20-DEABA1B3B793 0
OnRootBridgesConnected: root bridges have been connected, installing ACPI tables
Select Item: 0x19
Select Item: 0x29
Select Item: 0x19
Select Item: 0x28
Select Item: 0x19
Select Item: 0x22
Select Item: 0x19
Select Item: 0x23
InstallProtocolInterface: 928939B2-4235-462F-9580-F6A2B2C21A4F 7F0C0020
PcRtc: Write 0x20 to CMOS location 0x32
[Variable]END_OF_DXE is signaled
Initialize variable error flag (FF)
AcpiS3ContextSave!
AcpiS3Context: AcpiFacsTable is 0x7FBDD000
AcpiS3Context: IdtrProfile is 0x7FB6C000
AcpiS3Context: S3NvsPageTableAddress is 0x       0
AcpiS3Context: S3DebugBufferAddress is 0x7FB62000
AcpiS3Context: BootScriptStackBase is 0x7FB63000
AcpiS3Context: BootScriptStackSize is 0x    8000
Found LPC Bridge device
BdsPlatform.c+712: COM1 DevPath: PciRoot(0x0)/Pci(0x1,0x0)/Serial(0x0)/Uart(115200,8,N,1)/VenMsg(E0C14753-F9BE-11D2-9A0C-0090273FC14D)
BdsPlatform.c+750: COM2 DevPath: PciRoot(0x0)/Pci(0x1,0x0)/Serial(0x1)/Uart(115200,8,N,1)/VenMsg(E0C14753-F9BE-11D2-9A0C-0090273FC14D)
Found PCI display device
QemuVideo: QEMU Standard VGA detected
QemuVideo: Using mmio bar @ 0x810A0000
InstallProtocolInterface: 09576E91-6D3F-11D2-8E39-00A0C969723B 7ED59998
QemuVideoBochsModeSetup: AvailableFbSize=0x1000000
QemuVideoBochsEdid: magic check failed
Adding Bochs Internal Mode 0: 640x480, 32-bit
Adding Bochs Internal Mode 1: 800x480, 32-bit
Adding Bochs Internal Mode 2: 800x600, 32-bit
Adding Bochs Internal Mode 3: 832x624, 32-bit
Adding Bochs Internal Mode 4: 960x640, 32-bit
Adding Bochs Internal Mode 5: 1024x600, 32-bit
Adding Bochs Internal Mode 6: 1024x768, 32-bit
Adding Bochs Internal Mode 7: 1152x864, 32-bit
Adding Bochs Internal Mode 8: 1152x870, 32-bit
Adding Bochs Internal Mode 9: 1280x720, 32-bit
Adding Bochs Internal Mode 10: 1280x760, 32-bit
Adding Bochs Internal Mode 11: 1280x768, 32-bit
Adding Bochs Internal Mode 12: 1280x800, 32-bit
Adding Bochs Internal Mode 13: 1280x960, 32-bit
Adding Bochs Internal Mode 14: 1280x1024, 32-bit
Adding Bochs Internal Mode 15: 1360x768, 32-bit
Adding Bochs Internal Mode 16: 1366x768, 32-bit
Adding Bochs Internal Mode 17: 1400x1050, 32-bit
Adding Bochs Internal Mode 18: 1440x900, 32-bit
Adding Bochs Internal Mode 19: 1600x900, 32-bit
Adding Bochs Internal Mode 20: 1600x1200, 32-bit
Adding Bochs Internal Mode 21: 1680x1050, 32-bit
Adding Bochs Internal Mode 22: 1920x1080, 32-bit
Adding Bochs Internal Mode 23: 1920x1200, 32-bit
Adding Bochs Internal Mode 24: 1920x1440, 32-bit
Adding Bochs Internal Mode 25: 2000x2000, 32-bit
Adding Bochs Internal Mode 26: 2048x1536, 32-bit
Adding Bochs Internal Mode 27: 2048x2048, 32-bit
Adding Bochs Internal Mode 28: 2560x1440, 32-bit
Adding Bochs Internal Mode 29: 2560x1600, 32-bit
Skipping Bochs Mode 2560x2048, 32-bit (not enough vram)
Skipping Bochs Mode 2800x2100, 32-bit (not enough vram)
Skipping Bochs Mode 3200x2400, 32-bit (not enough vram)
Skipping Bochs Mode 3840x2160, 32-bit (not enough vram)
Skipping Bochs Mode 4096x2160, 32-bit (not enough vram)
Skipping Bochs Mode 7680x4320, 32-bit (not enough vram)
Skipping Bochs Mode 8192x4320, 32-bit (not enough vram)
InitializeBochsGraphicsMode: 640x480 @ 32
PixelBlueGreenRedReserved8BitPerColor
FrameBufferBase: 0x80000000, FrameBufferSize: 0x12C000
0: shl:0 shr:0 mask:FF0000
1: shl:0 shr:0 mask:FF00
2: shl:0 shr:0 mask:FF
Bytes per pixel: 4
0: shl:0 shr:0 mask:FF0000
1: shl:0 shr:0 mask:FF00
2: shl:0 shr:0 mask:FF
Bytes per pixel: 4
InstallProtocolInterface: 9042A9DE-23DC-4A38-96FB-7ADED080516A 7ED590B8
InstallVbeShim: VBE shim installed
PixelBlueGreenRedReserved8BitPerColor
PixelBlueGreenRedReserved8BitPerColor
PixelBlueGreenRedReserved8BitPerColor
PixelBlueGreenRedReserved8BitPerColor
PixelBlueGreenRedReserved8BitPerColor
PixelBlueGreenRedReserved8BitPerColor
PixelBlueGreenRedReserved8BitPerColor
PixelBlueGreenRedReserved8BitPerColor
PixelBlueGreenRedReserved8BitPerColor
PixelBlueGreenRedReserved8BitPerColor
PixelBlueGreenRedReserved8BitPerColor
PixelBlueGreenRedReserved8BitPerColor
PixelBlueGreenRedReserved8BitPerColor
PixelBlueGreenRedReserved8BitPerColor
PixelBlueGreenRedReserved8BitPerColor
PixelBlueGreenRedReserved8BitPerColor
PixelBlueGreenRedReserved8BitPerColor
PixelBlueGreenRedReserved8BitPerColor
PixelBlueGreenRedReserved8BitPerColor
PixelBlueGreenRedReserved8BitPerColor
PixelBlueGreenRedReserved8BitPerColor
PixelBlueGreenRedReserved8BitPerColor
PixelBlueGreenRedReserved8BitPerColor
PixelBlueGreenRedReserved8BitPerColor
PixelBlueGreenRedReserved8BitPerColor
PixelBlueGreenRedReserved8BitPerColor
PixelBlueGreenRedReserved8BitPerColor
PixelBlueGreenRedReserved8BitPerColor
PixelBlueGreenRedReserved8BitPerColor
PixelBlueGreenRedReserved8BitPerColor
InstallProtocolInterface: 60FF8964-E906-41D0-AFED-F241E974E08E 0
InstallProtocolInterface: FA20568B-548B-4B2B-81EF-1BA08D4A3CEC 0
[Security] 3rd party image[7ED5A818] can be loaded after EndOfDxe: PciRoot(0x0)/Pci(0x3,0x0)/Offset(0x16400,0x4B1FF).
InstallProtocolInterface: 5B1B31A1-9562-11D2-8E3F-00A0C969723B 7ECBB140
Loading driver at 0x0007EAF0000 EntryPoint=0x0007EAF6497 82540em.efi
InstallProtocolInterface: BC62157E-3E33-4FEC-9920-2D3B36D750DF 7F051B18
ProtectUefiImageCommon - 0x7ECBB140
  - 0x000000007EAF0000 - 0x00000000000B6E80
InstallProtocolInterface: 18A031AB-B443-4D1A-A5C0-0C09261E9F71 7EB21C20
InstallProtocolInterface: 6A7A5CFF-E8D9-4F70-BADA-75AB3025CE14 7EB21BF0
Found LPC Bridge device
BdsPlatform.c+712: COM1 DevPath: PciRoot(0x0)/Pci(0x1,0x0)/Serial(0x0)/Uart(115200,8,N,1)/VenMsg(E0C14753-F9BE-11D2-9A0C-0090273FC14D)
BdsPlatform.c+750: COM2 DevPath: PciRoot(0x0)/Pci(0x1,0x0)/Serial(0x1)/Uart(115200,8,N,1)/VenMsg(E0C14753-F9BE-11D2-9A0C-0090273FC14D)
Found PCI display device
Select Item: 0xE
[Bds]RegisterKeyNotify: 000C/0000 80000000/00 Success
[Bds]RegisterKeyNotify: 0017/0000 80000000/00 Success
[Bds]RegisterKeyNotify: 0000/000D 80000000/00 Success
InstallProtocolInterface: 864E1CA8-85EB-4D63-9DCC-6E0FC90FFD55 7ECBCC18
InstallProtocolInterface: 09576E91-6D3F-11D2-8E39-00A0C969723B 7EC7A218
InstallProtocolInterface: 215FDD18-BD50-4FEB-890B-58CA0B4739E9 7EC7AA38
InstallProtocolInterface: 09576E91-6D3F-11D2-8E39-00A0C969723B 7EC7A798
InstallProtocolInterface: 215FDD18-BD50-4FEB-890B-58CA0B4739E9 7EC7A8B8
InstallProtocolInterface: 09576E91-6D3F-11D2-8E39-00A0C969723B 7EC7CB18
InstallProtocolInterface: 215FDD18-BD50-4FEB-890B-58CA0B4739E9 7EC7CF38
ClockRate = 1843200
Divisor   = 1
BaudRate/Actual (115200/115200) = 100%
ClockRate = 1843200
Divisor   = 1
BaudRate/Actual (115200/115200) = 100%
InstallProtocolInterface: 09576E91-6D3F-11D2-8E39-00A0C969723B 7EC7C918
InstallProtocolInterface: BB25CF6F-F1D4-11D2-9A0C-0090273FC1FD 7EC7C7A8
PciSioSerial: Create SIO child serial device - Success
ClockRate = 1843200
Divisor   = 1
BaudRate/Actual (115200/115200) = 100%
Terminal - Mode 0, Column = 80, Row = 25
Terminal - Mode 1, Column = 80, Row = 50
Terminal - Mode 2, Column = 100, Row = 31
[2J[01;01H[=3h[2J[01;01HClockRate = 1843200
Divisor   = 1
BaudRate/Actual (115200/115200) = 100%
InstallProtocolInterface: 387477C1-69C7-11D2-8E39-00A0C969723B 7EC7B340
InstallProtocolInterface: DD9E7534-7762-4698-8C14-F58517A625AA 7EC7B428
InstallProtocolInterface: 387477C2-69C7-11D2-8E39-00A0C969723B 7EC7B358
InstallProtocolInterface: 09576E91-6D3F-11D2-8E39-00A0C969723B 7EC7B898
InstallProtocolInterface: D3B36F2B-D551-11D4-9A46-0090273FC14D 0
InstallProtocolInterface: D3B36F2C-D551-11D4-9A46-0090273FC14D 0
InstallProtocolInterface: D3B36F2D-D551-11D4-9A46-0090273FC14D 0
PixelBlueGreenRedReserved8BitPerColor
PixelBlueGreenRedReserved8BitPerColor
PixelBlueGreenRedReserved8BitPerColor
PixelBlueGreenRedReserved8BitPerColor
PixelBlueGreenRedReserved8BitPerColor
PixelBlueGreenRedReserved8BitPerColor
PixelBlueGreenRedReserved8BitPerColor
PixelBlueGreenRedReserved8BitPerColor
PixelBlueGreenRedReserved8BitPerColor
PixelBlueGreenRedReserved8BitPerColor
PixelBlueGreenRedReserved8BitPerColor
PixelBlueGreenRedReserved8BitPerColor
PixelBlueGreenRedReserved8BitPerColor
InitializeBochsGraphicsMode: 1280x800 @ 32
PixelBlueGreenRedReserved8BitPerColor
FrameBufferBase: 0x80000000, FrameBufferSize: 0x3E8000
0: shl:0 shr:0 mask:FF0000
1: shl:0 shr:0 mask:FF00
2: shl:0 shr:0 mask:FF
Bytes per pixel: 4
0: shl:0 shr:0 mask:FF0000
1: shl:0 shr:0 mask:FF00
2: shl:0 shr:0 mask:FF
Bytes per pixel: 4
GraphicsConsole video resolution 1280 x 800
Graphics - Mode 0, Column = 80, Row = 25
Graphics - Mode 1, Column = 0, Row = 0
Graphics - Mode 2, Column = 100, Row = 31
Graphics - Mode 3, Column = 160, Row = 42
Graphics Console Started, Mode: 0
InstallProtocolInterface: 387477C2-69C7-11D2-8E39-00A0C969723B 7EC795B0
InstallProtocolInterface: D3B36F2C-D551-11D4-9A46-0090273FC14D 0
PixelBlueGreenRedReserved8BitPerColor
PixelBlueGreenRedReserved8BitPerColor
PixelBlueGreenRedReserved8BitPerColor
PixelBlueGreenRedReserved8BitPerColor
PixelBlueGreenRedReserved8BitPerColor
PixelBlueGreenRedReserved8BitPerColor
PixelBlueGreenRedReserved8BitPerColor
PixelBlueGreenRedReserved8BitPerColor
PixelBlueGreenRedReserved8BitPerColor
PixelBlueGreenRedReserved8BitPerColor
PixelBlueGreenRedReserved8BitPerColor
PixelBlueGreenRedReserved8BitPerColor
PixelBlueGreenRedReserved8BitPerColor
PixelBlueGreenRedReserved8BitPerColor
PixelBlueGreenRedReserved8BitPerColor
PixelBlueGreenRedReserved8BitPerColor
PixelBlueGreenRedReserved8BitPerColor
PixelBlueGreenRedReserved8BitPerColor
PixelBlueGreenRedReserved8BitPerColor
PixelBlueGreenRedReserved8BitPerColor
PixelBlueGreenRedReserved8BitPerColor
PixelBlueGreenRedReserved8BitPerColor
PixelBlueGreenRedReserved8BitPerColor
PixelBlueGreenRedReserved8BitPerColor
PixelBlueGreenRedReserved8BitPerColor
PixelBlueGreenRedReserved8BitPerColor
PixelBlueGreenRedReserved8BitPerColor
PixelBlueGreenRedReserved8BitPerColor
PixelBlueGreenRedReserved8BitPerColor
PixelBlueGreenRedReserved8BitPerColor
InstallProtocolInterface: 9042A9DE-23DC-4A38-96FB-7ADED080516A 7EDBA3A0
ClockRate = 1843200
Divisor   = 1
BaudRate/Actual (115200/115200) = 100%
PciSioSerial: Create SIO child serial device - Device Error
InstallProtocolInterface: 387477C1-69C7-11D2-8E39-00A0C969723B 7EBD5028
InstallProtocolInterface: DD9E7534-7762-4698-8C14-F58517A625AA 7EBD5040
InstallProtocolInterface: D3B36F2B-D551-11D4-9A46-0090273FC14D 0
ClockRate = 1843200
Divisor   = 1
BaudRate/Actual (115200/115200) = 100%
PciSioSerial: Create SIO child serial device - Device Error
ClockRate = 1843200
Divisor   = 1
BaudRate/Actual (115200/115200) = 100%
PciSioSerial: Create SIO child serial device - Device Error
PlatformBootManagerAfterConsole
PlatformBdsPolicyBehavior: not restoring NvVars from disk since flash variables appear to be supported.
Boot Mode:0
PlatformBdsConnectSequence
Select Item: 0x19
EfiBootManagerConnectAll
ClockRate = 1843200
Divisor   = 1
BaudRate/Actual (115200/115200) = 100%
PciSioSerial: Create SIO child serial device - Device Error
SataControllerStart START
InstallProtocolInterface: A1E37052-80D9-4E65-A317-3E9A55C43EC9 7EBD49A0
SataControllerStart END status = Success
==AtaAtapiPassThru Start== Controller = 7ED5CD18
[secondary] channel [master] [cdrom   ] device
CalculateBestPioMode: AdvancedPioMode = 3
IdeInitCalculateMode: PioMode = 3
CalculateBestUdmaMode: DeviceUDmaMode = 203F
IdeInitCalculateMode: UdmaMode = 5
InstallProtocolInterface: 1D3DE7F0-0807-424F-AA69-11A54E19A46F 7EBD2040
InstallProtocolInterface: 143B7632-B81B-4CB7-ABD3-B625A5B9BFFE 7EBD2090
InstallProtocolInterface: 19DF145A-B1D4-453F-8507-38816676D7F6 7EBD2A18
InstallProtocolInterface: 0167CCC4-D0F7-4F21-A3EF-9E64B7CDCE8B 7EBD27A0
InstallProtocolInterface: 09576E91-6D3F-11D2-8E39-00A0C969723B 7EBD2718
InstallProtocolInterface: 932F47E6-2362-4002-803E-3CD54B138F85 7EBD2428
InstallProtocolInterface: 964E5B21-6459-11D2-8E39-00A0C969723B 7EBD10B8
InstallProtocolInterface: A77B2472-E282-4E9F-A245-C2C0E27BBCC1 7EBD10E8
InstallProtocolInterface: D432A67F-14DC-484B-B3BB-3F0291849327 7EBD11E0
InstallProtocolInterface: CE345171-BA0B-11D2-8E4F-00A0C969723B 7EBD0020
InstallProtocolInterface: 151C8EAE-7F2C-472C-9E54-9828194F6A88 7EBD0038
 BlockSize : 2048 
 LastBlock : 0 
FatOpenDevice: read of part_lba failed No Media
InstallProtocolInterface: A19832B9-AC25-11D3-9A2D-0090273FC14D 7EB251D0
InstallProtocolInterface: 09576E91-6D3F-11D2-8E39-00A0C969723B 7EB25748
InstallProtocolInterface: E18541CD-F755-4F73-928D-643C8A79B229 7EB25600
InstallProtocolInterface: 1ACED566-76ED-4218-BC81-767F1F977A89 7EB25600
InstallProtocolInterface: 6A7A5CFF-E8D9-4F70-BADA-75AB3025CE14 7EB25628
InstallProtocolInterface: 6F6C7323-2077-7523-6E68-656C7066756C 7EB25640
InstallProtocolInterface: 09576E91-6D3F-11D2-8E39-00A0C969723B 7EB257A8
InstallProtocolInterface: 330D4706-F2A0-4E4F-A369-B66FA8D54385 7EB25648
InstallProtocolInterface: 9E23D768-D2F3-4366-9FC3-3A7ABA864374 7EBD0230
InstallProtocolInterface: F36FF770-A7E1-42CF-9ED2-56F0F271F44C 7E9E8BC0
InstallProtocolInterface: 09576E91-6D3F-11D2-8E39-00A0C969723B 7E9E8A98
InstallProtocolInterface: 330D4706-F2A0-4E4F-A369-B66FA8D54385 7E9E8D20
InstallProtocolInterface: E4F61863-FE2C-4B56-A8F4-08519BC439DF 7E9E8D18
InstallProtocolInterface: 7AB33A91-ACE5-4326-B572-E7EE33D39F16 7E9E81C0
InstallProtocolInterface: F44C00EE-1F2C-4A00-AA09-1C9F3E0800A3 7E9E76A0
InstallProtocolInterface: 7AB33A91-ACE5-4326-B572-E7EE33D39F16 7E9E4B40
InstallProtocolInterface: 09576E91-6D3F-11D2-8E39-00A0C969723B 7E9E3A18
InstallProtocolInterface: 330D4706-F2A0-4E4F-A369-B66FA8D54385 7E9E48B8
InstallProtocolInterface: C51711E7-B4BF-404A-BFB8-0A048EF1FFE4 7E9E40A0
InstallProtocolInterface: 5B446ED1-E30B-4FAA-871A-3654ECA36080 7E9E4600
InstallProtocolInterface: 41D94CD2-35B6-455A-8258-D4E51334AADD 7E9DFCA0
InstallProtocolInterface: 83F01464-99BD-45E5-B383-AF6305D8E9E6 7E9E0320
InstallProtocolInterface: 41D94CD2-35B6-455A-8258-D4E51334AADD 7E9DC620
InstallProtocolInterface: 3AD9DF29-4501-478D-B1F8-7F7FE70E50F3 7E9DC4B8
InstallProtocolInterface: 9D9A39D8-BD42-4A73-A4D5-8EE94BE11380 7E9DCB20
InstallProtocolInterface: 41D94CD2-35B6-455A-8258-D4E51334AADD 7E9D6A20
InstallProtocolInterface: 3AD9DF29-4501-478D-B1F8-7F7FE70E50F3 7E9D6138
InstallProtocolInterface: 2FE800BE-8F01-4AA6-946B-D71388E1833F 7E9D74A0
InstallProtocolInterface: 41D94CD2-35B6-455A-8258-D4E51334AADD 7E9D5C20
InstallProtocolInterface: 00720665-67EB-4A99-BAF7-D3C33A1C7CC9 7E9D5040
InstallProtocolInterface: B95E9FDA-26DE-48D2-8807-1F9107AC5E3A 7E9C8030
InstallProtocolInterface: 8A219718-4EF5-4761-91C8-C0F04BDA9E56 7E9C7BA0
InstallProtocolInterface: 41D94CD2-35B6-455A-8258-D4E51334AADD 7E9C6020
InstallProtocolInterface: 3AD9DF29-4501-478D-B1F8-7F7FE70E50F3 7E9C7538
InstallProtocolInterface: 78247C57-63DB-4708-99C2-A8B4A9A61F6B 7E9C77B0
InstallProtocolInterface: 41D94CD2-35B6-455A-8258-D4E51334AADD 7E9C63A0
InstallProtocolInterface: 3AD9DF29-4501-478D-B1F8-7F7FE70E50F3 7E9C6238
InstallProtocolInterface: 41D94CD2-35B6-455A-8258-D4E51334AADD 7E9C50A0
InstallProtocolInterface: 3AD9DF29-4501-478D-B1F8-7F7FE70E50F3 7E9C5BB8
InstallProtocolInterface: F4B427BB-BA21-4F16-BC4E-43E416AB619C 7E9C55B0
InstallProtocolInterface: 41D94CD2-35B6-455A-8258-D4E51334AADD 7E9C4B20
InstallProtocolInterface: 09576E91-6D3F-11D2-8E39-00A0C969723B 7E9C4098
InstallProtocolInterface: 56EC3091-954C-11D2-8E3F-00A0C969723B 7E9C4D28
InstallProtocolInterface: 03C4E603-AC28-11D3-9A2D-0090273FC14D 7E9C8120
InstallProtocolInterface: A19832B9-AC25-11D3-9A2D-0090273FC14D 7EB251D0
InstallProtocolInterface: 65530BC7-A359-410F-B010-5AADC7EC2B62 7E9C3138
InstallProtocolInterface: 41D94CD2-35B6-455A-8258-D4E51334AADD 7E9C3AA0
InstallProtocolInterface: FA3CDE4C-87C2-427D-AEDE-7DD096C88C58 7E9C44B0
ClockRate = 1843200
Divisor   = 1
BaudRate/Actual (115200/115200) = 100%
PciSioSerial: Create SIO child serial device - Device Error
SataControllerStart START
SataControllerStart error return status = Already started
 BlockSize : 2048 
 LastBlock : 0 
FatOpenDevice: read of part_lba failed No Media
ClockRate = 1843200
Divisor   = 1
BaudRate/Actual (115200/115200) = 100%
PciSioSerial: Create SIO child serial device - Device Error
Select Item: 0x19
[Bds]OsIndication: 0000000000000000
[Bds]=============Begin Load Options Dumping ...=============
  Driver Options:
  SysPrep Options:
  Boot Options:
    Boot0000: UiApp 		 0x0109
    Boot0001: UEFI QEMU DVD-ROM QM00003  		 0x0001
    Boot0003: EFI Internal Shell 		 0x0001
    Boot0002: UEFI PXEv4 (MAC:525400123456) 		 0x0001
  PlatformRecovery Options:
    PlatformRecovery0000: Default PlatformRecovery 		 0x0001
[Bds]=============End Load Options Dumping=============
[Bds]BdsWait ...Zzzzzzzzzzzz...
[Bds]Exit the waiting!
[Bds]Stop Hotkey Service!
[Bds]UnregisterKeyNotify: 000C/0000 Success
[Bds]UnregisterKeyNotify: 0017/0000 Success
[Bds]UnregisterKeyNotify: 0000/000D Success
Memory  Previous  Current    Next   
 Type    Pages     Pages     Pages  
======  ========  ========  ========
  0A    00000080  00000022  00000080
  09    00000010  00000008  00000010
  00    00000080  00000023  00000080
  05    00000100  00000042  00000100
  06    00000100  000000B1  00000100
[Bds]Booting UEFI QEMU DVD-ROM QM00003 
FatOpenDevice: read of part_lba failed No Media
 BlockSize : 2048 
 LastBlock : 0 
FatOpenDevice: read of part_lba failed No Media
[Bds] Expand PciRoot(0x0)/Pci(0x1,0x1)/Ata(Secondary,Master,0x0) -> <null string>
BdsDxe: failed to load Boot0001 "UEFI QEMU DVD-ROM QM00003 " from PciRoot(0x0)/Pci(0x1,0x1)/Ata(Secondary,Master,0x0): Not Found
Memory  Previous  Current    Next   
 Type    Pages     Pages     Pages  
======  ========  ========  ========
  0A    00000080  00000022  00000080
  09    00000010  00000008  00000010
  00    00000080  00000023  00000080
  05    00000100  00000042  00000100
  06    00000100  000000B1  00000100
[Bds]Booting EFI Internal Shell
[Bds] Expand Fv(7CB8BDC9-F8EB-4F34-AAEA-3EE4AF6516A1)/FvFile(7C04A583-9E3E-4F1C-AD65-E05268D0B4D1) -> Fv(7CB8BDC9-F8EB-4F34-AAEA-3EE4AF6516A1)/FvFile(7C04A583-9E3E-4F1C-AD65-E05268D0B4D1)
BdsDxe: loading Boot0003 "EFI Internal Shell" from Fv(7CB8BDC9-F8EB-4F34-AAEA-3EE4AF6516A1)/FvFile(7C04A583-9E3E-4F1C-AD65-E05268D0B4D1)
InstallProtocolInterface: 5B1B31A1-9562-11D2-8E3F-00A0C969723B 7EBC66C0
Loading driver at 0x0007E6E6000 EntryPoint=0x0007E72D08B Shell.efi
InstallProtocolInterface: BC62157E-3E33-4FEC-9920-2D3B36D750DF 7EBD7B18
ProtectUefiImageCommon - 0x7EBC66C0
  - 0x000000007E6E6000 - 0x00000000000E2640
BdsDxe: starting Boot0003 "EFI Internal Shell" from Fv(7CB8BDC9-F8EB-4F34-AAEA-3EE4AF6516A1)/FvFile(7C04A583-9E3E-4F1C-AD65-E05268D0B4D1)
[2J[01;01HInstallProtocolInterface: 387477C2-69C7-11D2-8E39-00A0C969723B 7EBC4620
InstallProtocolInterface: 752F3136-4E16-4FDC-A22A-E5F46812F4CA 7EBBFE18
InstallProtocolInterface: 6302D008-7F9B-4F30-87AC-60C9FEF5DA4E 7E7C3D20
[01;01HUEFI Interactive Shell v2.2
EDK II
UEFI v2.70 (EDK II, 0x00010000)
[1m[33m[40mMapping table[0m[37m[40m
[1m[33m[40m     BLK0:[0m[37m[40m [1m[37m[40mAlias(s):[0m[37m[40m
          PciRoot(0x0)/Pci(0x1,0x1)/Ata(0x0)
[07;01HPress [1m[37m[40mESC[0m[37m[40m in 5 seconds to skip [1m[33m[40mstartup.nsh[0m[37m[40m or any other key to continue.[07;01HPress [1m[37m[40mESC[0m[37m[40m in 4 seconds to skip [1m[33m[40mstartup.nsh[0m[37m[40m or any other key to continue.[07;01HPress [1m[37m[40mESC[0m[37m[40m in 3 seconds to skip [1m[33m[40mstartup.nsh[0m[37m[40m or any other key to continue.[07;01HPress [1m[37m[40mESC[0m[37m[40m in 2 seconds to skip [1m[33m[40mstartup.nsh[0m[37m[40m or any other key to continue.[07;01HPress [1m[37m[40mESC[0m[37m[40m in 1 seconds to skip [1m[33m[40mstartup.nsh[0m[37m[40m or any other key to continue.
[08;01H[1m[33m[40mShell> [0m[37m[40m